This is pdfTeX, Version 3.141592653-2.6-1.40.26 (TeX Live 2024/nixos.org) (preloaded format=pdflatex 1980.1.1)  31 MAY 2025 16:49
entering extended mode
 restricted \write18 enabled.
 %&-line parsing enabled.
**diagram.tex
(./diagram.tex
LaTeX2e <2024-06-01> patch level 2
L3 programming layer <2024-10-09>

(/nix/store/djlsdrwlggq0b2c2mcwmapiras5kd7bb-texlive-combined-full-2024.2024102
7-texmfdist/tex/latex/base/article.cls
Document Class: article 2024/02/08 v1.4n Standard LaTeX document class

(/nix/store/djlsdrwlggq0b2c2mcwmapiras5kd7bb-texlive-combined-full-2024.2024102
7-texmfdist/tex/latex/base/size10.clo
File: size10.clo 2024/02/08 v1.4n Standard LaTeX file (size option)
)
\c@part=\count194
\c@section=\count195
\c@subsection=\count196
\c@subsubsection=\count197
\c@paragraph=\count198
\c@subparagraph=\count199
\c@figure=\count266
\c@table=\count267
\abovecaptionskip=\skip49
\belowcaptionskip=\skip50
\bibindent=\dimen141
)
(/nix/store/djlsdrwlggq0b2c2mcwmapiras5kd7bb-texlive-combined-full-2024.2024102
7-texmfdist/tex/latex/base/fontenc.sty
Package: fontenc 2021/04/29 v2.0v Standard LaTeX package
)
(/nix/store/djlsdrwlggq0b2c2mcwmapiras5kd7bb-texlive-combined-full-2024.2024102
7-texmfdist/tex/latex/base/inputenc.sty
Package: inputenc 2024/02/08 v1.3d Input encoding file
\inpenc@prehook=\toks17
\inpenc@posthook=\toks18
)
(/nix/store/djlsdrwlggq0b2c2mcwmapiras5kd7bb-texlive-combined-full-2024.2024102
7-texmfdist/tex/generic/babel/babel.sty
Package: babel 2024/10/20 v24.12 The multilingual framework for pdfLaTeX, LuaLa
TeX and XeLaTeX
\babel@savecnt=\count268
\U@D=\dimen142
\l@unhyphenated=\language89

(/nix/store/djlsdrwlggq0b2c2mcwmapiras5kd7bb-texlive-combined-full-2024.2024102
7-texmfdist/tex/generic/babel/txtbabel.def)
\bbl@readstream=\read2
\bbl@dirlevel=\count269

(/nix/store/djlsdrwlggq0b2c2mcwmapiras5kd7bb-texlive-combined-full-2024.2024102
7-texmfdist/tex/generic/babel-portuges/brazil.ldf
Language: portuges 2021/07/09 v1.2t Portuguese support from the babel system
Package babel Info: Hyphen rules for 'brazil' set to \l@portuguese
(babel)             (\language72). Reported on input line 111.
Package babel Info: Making " an active character on input line 143.
))
(/nix/store/djlsdrwlggq0b2c2mcwmapiras5kd7bb-texlive-combined-full-2024.2024102
7-texmfdist/tex/latex/graphics/graphicx.sty
Package: graphicx 2021/09/16 v1.2d Enhanced LaTeX Graphics (DPC,SPQR)

(/nix/store/djlsdrwlggq0b2c2mcwmapiras5kd7bb-texlive-combined-full-2024.2024102
7-texmfdist/tex/latex/graphics/keyval.sty
Package: keyval 2022/05/29 v1.15 key=value parser (DPC)
\KV@toks@=\toks19
)
(/nix/store/djlsdrwlggq0b2c2mcwmapiras5kd7bb-texlive-combined-full-2024.2024102
7-texmfdist/tex/latex/graphics/graphics.sty
Package: graphics 2024/05/23 v1.4g Standard LaTeX Graphics (DPC,SPQR)

(/nix/store/djlsdrwlggq0b2c2mcwmapiras5kd7bb-texlive-combined-full-2024.2024102
7-texmfdist/tex/latex/graphics/trig.sty
Package: trig 2023/12/02 v1.11 sin cos tan (DPC)
)
(/nix/store/djlsdrwlggq0b2c2mcwmapiras5kd7bb-texlive-combined-full-2024.2024102
7-texmfdist/tex/latex/graphics-cfg/graphics.cfg
File: graphics.cfg 2016/06/04 v1.11 sample graphics configuration
)
Package graphics Info: Driver file: pdftex.def on input line 106.

(/nix/store/djlsdrwlggq0b2c2mcwmapiras5kd7bb-texlive-combined-full-2024.2024102
7-texmfdist/tex/latex/graphics-def/pdftex.def
File: pdftex.def 2024/04/13 v1.2c Graphics/color driver for pdftex
))
\Gin@req@height=\dimen143
\Gin@req@width=\dimen144
)
(/nix/store/djlsdrwlggq0b2c2mcwmapiras5kd7bb-texlive-combined-full-2024.2024102
7-texmfdist/tex/latex/float/float.sty
Package: float 2001/11/08 v1.3d Float enhancements (AL)
\c@float@type=\count270
\float@exts=\toks20
\float@box=\box52
\@float@everytoks=\toks21
\@floatcapt=\box53
)
(/nix/store/djlsdrwlggq0b2c2mcwmapiras5kd7bb-texlive-combined-full-2024.2024102
7-texmfdist/tex/latex/tcolorbox/tcolorbox.sty
Package: tcolorbox 2024/10/22 version 6.4.1 text color boxes

(/nix/store/djlsdrwlggq0b2c2mcwmapiras5kd7bb-texlive-combined-full-2024.2024102
7-texmfdist/tex/latex/pgf/frontendlayer/tikz.sty
(/nix/store/djlsdrwlggq0b2c2mcwmapiras5kd7bb-texlive-combined-full-2024.2024102
7-texmfdist/tex/latex/pgf/basiclayer/pgf.sty
(/nix/store/djlsdrwlggq0b2c2mcwmapiras5kd7bb-texlive-combined-full-2024.2024102
7-texmfdist/tex/latex/pgf/utilities/pgfrcs.sty
(/nix/store/djlsdrwlggq0b2c2mcwmapiras5kd7bb-texlive-combined-full-2024.2024102
7-texmfdist/tex/generic/pgf/utilities/pgfutil-common.tex
\pgfutil@everybye=\toks22
\pgfutil@tempdima=\dimen145
\pgfutil@tempdimb=\dimen146
)
(/nix/store/djlsdrwlggq0b2c2mcwmapiras5kd7bb-texlive-combined-full-2024.2024102
7-texmfdist/tex/generic/pgf/utilities/pgfutil-latex.def
\pgfutil@abb=\box54
)
(/nix/store/djlsdrwlggq0b2c2mcwmapiras5kd7bb-texlive-combined-full-2024.2024102
7-texmfdist/tex/generic/pgf/utilities/pgfrcs.code.tex
(/nix/store/djlsdrwlggq0b2c2mcwmapiras5kd7bb-texlive-combined-full-2024.2024102
7-texmfdist/tex/generic/pgf/pgf.revision.tex)
Package: pgfrcs 2023-01-15 v3.1.10 (3.1.10)
))
Package: pgf 2023-01-15 v3.1.10 (3.1.10)

(/nix/store/djlsdrwlggq0b2c2mcwmapiras5kd7bb-texlive-combined-full-2024.2024102
7-texmfdist/tex/latex/pgf/basiclayer/pgfcore.sty
(/nix/store/djlsdrwlggq0b2c2mcwmapiras5kd7bb-texlive-combined-full-2024.2024102
7-texmfdist/tex/latex/pgf/systemlayer/pgfsys.sty
(/nix/store/djlsdrwlggq0b2c2mcwmapiras5kd7bb-texlive-combined-full-2024.2024102
7-texmfdist/tex/generic/pgf/systemlayer/pgfsys.code.tex
Package: pgfsys 2023-01-15 v3.1.10 (3.1.10)

(/nix/store/djlsdrwlggq0b2c2mcwmapiras5kd7bb-texlive-combined-full-2024.2024102
7-texmfdist/tex/generic/pgf/utilities/pgfkeys.code.tex
\pgfkeys@pathtoks=\toks23
\pgfkeys@temptoks=\toks24

(/nix/store/djlsdrwlggq0b2c2mcwmapiras5kd7bb-texlive-combined-full-2024.2024102
7-texmfdist/tex/generic/pgf/utilities/pgfkeyslibraryfiltered.code.tex
\pgfkeys@tmptoks=\toks25
))
\pgf@x=\dimen147
\pgf@y=\dimen148
\pgf@xa=\dimen149
\pgf@ya=\dimen150
\pgf@xb=\dimen151
\pgf@yb=\dimen152
\pgf@xc=\dimen153
\pgf@yc=\dimen154
\pgf@xd=\dimen155
\pgf@yd=\dimen156
\w@pgf@writea=\write3
\r@pgf@reada=\read3
\c@pgf@counta=\count271
\c@pgf@countb=\count272
\c@pgf@countc=\count273
\c@pgf@countd=\count274
\t@pgf@toka=\toks26
\t@pgf@tokb=\toks27
\t@pgf@tokc=\toks28
\pgf@sys@id@count=\count275

(/nix/store/djlsdrwlggq0b2c2mcwmapiras5kd7bb-texlive-combined-full-2024.2024102
7-texmfdist/tex/generic/pgf/systemlayer/pgf.cfg
File: pgf.cfg 2023-01-15 v3.1.10 (3.1.10)
)
Driver file for pgf: pgfsys-pdftex.def

(/nix/store/djlsdrwlggq0b2c2mcwmapiras5kd7bb-texlive-combined-full-2024.2024102
7-texmfdist/tex/generic/pgf/systemlayer/pgfsys-pdftex.def
File: pgfsys-pdftex.def 2023-01-15 v3.1.10 (3.1.10)

(/nix/store/djlsdrwlggq0b2c2mcwmapiras5kd7bb-texlive-combined-full-2024.2024102
7-texmfdist/tex/generic/pgf/systemlayer/pgfsys-common-pdf.def
File: pgfsys-common-pdf.def 2023-01-15 v3.1.10 (3.1.10)
)))
(/nix/store/djlsdrwlggq0b2c2mcwmapiras5kd7bb-texlive-combined-full-2024.2024102
7-texmfdist/tex/generic/pgf/systemlayer/pgfsyssoftpath.code.tex
File: pgfsyssoftpath.code.tex 2023-01-15 v3.1.10 (3.1.10)
\pgfsyssoftpath@smallbuffer@items=\count276
\pgfsyssoftpath@bigbuffer@items=\count277
)
(/nix/store/djlsdrwlggq0b2c2mcwmapiras5kd7bb-texlive-combined-full-2024.2024102
7-texmfdist/tex/generic/pgf/systemlayer/pgfsysprotocol.code.tex
File: pgfsysprotocol.code.tex 2023-01-15 v3.1.10 (3.1.10)
))
(/nix/store/djlsdrwlggq0b2c2mcwmapiras5kd7bb-texlive-combined-full-2024.2024102
7-texmfdist/tex/latex/xcolor/xcolor.sty
Package: xcolor 2024/09/29 v3.02 LaTeX color extensions (UK)

(/nix/store/djlsdrwlggq0b2c2mcwmapiras5kd7bb-texlive-combined-full-2024.2024102
7-texmfdist/tex/latex/graphics-cfg/color.cfg
File: color.cfg 2016/01/02 v1.6 sample color configuration
)
Package xcolor Info: Driver file: pdftex.def on input line 274.

(/nix/store/djlsdrwlggq0b2c2mcwmapiras5kd7bb-texlive-combined-full-2024.2024102
7-texmfdist/tex/latex/graphics/mathcolor.ltx)
Package xcolor Info: Model `cmy' substituted by `cmy0' on input line 1349.
Package xcolor Info: Model `hsb' substituted by `rgb' on input line 1353.
Package xcolor Info: Model `RGB' extended on input line 1365.
Package xcolor Info: Model `HTML' substituted by `rgb' on input line 1367.
Package xcolor Info: Model `Hsb' substituted by `hsb' on input line 1368.
Package xcolor Info: Model `tHsb' substituted by `hsb' on input line 1369.
Package xcolor Info: Model `HSB' substituted by `hsb' on input line 1370.
Package xcolor Info: Model `Gray' substituted by `gray' on input line 1371.
Package xcolor Info: Model `wave' substituted by `hsb' on input line 1372.
)
(/nix/store/djlsdrwlggq0b2c2mcwmapiras5kd7bb-texlive-combined-full-2024.2024102
7-texmfdist/tex/generic/pgf/basiclayer/pgfcore.code.tex
Package: pgfcore 2023-01-15 v3.1.10 (3.1.10)

(/nix/store/djlsdrwlggq0b2c2mcwmapiras5kd7bb-texlive-combined-full-2024.2024102
7-texmfdist/tex/generic/pgf/math/pgfmath.code.tex
(/nix/store/djlsdrwlggq0b2c2mcwmapiras5kd7bb-texlive-combined-full-2024.2024102
7-texmfdist/tex/generic/pgf/math/pgfmathutil.code.tex)
(/nix/store/djlsdrwlggq0b2c2mcwmapiras5kd7bb-texlive-combined-full-2024.2024102
7-texmfdist/tex/generic/pgf/math/pgfmathparser.code.tex
\pgfmath@dimen=\dimen157
\pgfmath@count=\count278
\pgfmath@box=\box55
\pgfmath@toks=\toks29
\pgfmath@stack@operand=\toks30
\pgfmath@stack@operation=\toks31
)
(/nix/store/djlsdrwlggq0b2c2mcwmapiras5kd7bb-texlive-combined-full-2024.2024102
7-texmfdist/tex/generic/pgf/math/pgfmathfunctions.code.tex)
(/nix/store/djlsdrwlggq0b2c2mcwmapiras5kd7bb-texlive-combined-full-2024.2024102
7-texmfdist/tex/generic/pgf/math/pgfmathfunctions.basic.code.tex)
(/nix/store/djlsdrwlggq0b2c2mcwmapiras5kd7bb-texlive-combined-full-2024.2024102
7-texmfdist/tex/generic/pgf/math/pgfmathfunctions.trigonometric.code.tex)
(/nix/store/djlsdrwlggq0b2c2mcwmapiras5kd7bb-texlive-combined-full-2024.2024102
7-texmfdist/tex/generic/pgf/math/pgfmathfunctions.random.code.tex)
(/nix/store/djlsdrwlggq0b2c2mcwmapiras5kd7bb-texlive-combined-full-2024.2024102
7-texmfdist/tex/generic/pgf/math/pgfmathfunctions.comparison.code.tex)
(/nix/store/djlsdrwlggq0b2c2mcwmapiras5kd7bb-texlive-combined-full-2024.2024102
7-texmfdist/tex/generic/pgf/math/pgfmathfunctions.base.code.tex)
(/nix/store/djlsdrwlggq0b2c2mcwmapiras5kd7bb-texlive-combined-full-2024.2024102
7-texmfdist/tex/generic/pgf/math/pgfmathfunctions.round.code.tex)
(/nix/store/djlsdrwlggq0b2c2mcwmapiras5kd7bb-texlive-combined-full-2024.2024102
7-texmfdist/tex/generic/pgf/math/pgfmathfunctions.misc.code.tex)
(/nix/store/djlsdrwlggq0b2c2mcwmapiras5kd7bb-texlive-combined-full-2024.2024102
7-texmfdist/tex/generic/pgf/math/pgfmathfunctions.integerarithmetics.code.tex)
(/nix/store/djlsdrwlggq0b2c2mcwmapiras5kd7bb-texlive-combined-full-2024.2024102
7-texmfdist/tex/generic/pgf/math/pgfmathcalc.code.tex)
(/nix/store/djlsdrwlggq0b2c2mcwmapiras5kd7bb-texlive-combined-full-2024.2024102
7-texmfdist/tex/generic/pgf/math/pgfmathfloat.code.tex
\c@pgfmathroundto@lastzeros=\count279
))
(/nix/store/djlsdrwlggq0b2c2mcwmapiras5kd7bb-texlive-combined-full-2024.2024102
7-texmfdist/tex/generic/pgf/math/pgfint.code.tex)
(/nix/store/djlsdrwlggq0b2c2mcwmapiras5kd7bb-texlive-combined-full-2024.2024102
7-texmfdist/tex/generic/pgf/basiclayer/pgfcorepoints.code.tex
File: pgfcorepoints.code.tex 2023-01-15 v3.1.10 (3.1.10)
\pgf@picminx=\dimen158
\pgf@picmaxx=\dimen159
\pgf@picminy=\dimen160
\pgf@picmaxy=\dimen161
\pgf@pathminx=\dimen162
\pgf@pathmaxx=\dimen163
\pgf@pathminy=\dimen164
\pgf@pathmaxy=\dimen165
\pgf@xx=\dimen166
\pgf@xy=\dimen167
\pgf@yx=\dimen168
\pgf@yy=\dimen169
\pgf@zx=\dimen170
\pgf@zy=\dimen171
)
(/nix/store/djlsdrwlggq0b2c2mcwmapiras5kd7bb-texlive-combined-full-2024.2024102
7-texmfdist/tex/generic/pgf/basiclayer/pgfcorepathconstruct.code.tex
File: pgfcorepathconstruct.code.tex 2023-01-15 v3.1.10 (3.1.10)
\pgf@path@lastx=\dimen172
\pgf@path@lasty=\dimen173
)
(/nix/store/djlsdrwlggq0b2c2mcwmapiras5kd7bb-texlive-combined-full-2024.2024102
7-texmfdist/tex/generic/pgf/basiclayer/pgfcorepathusage.code.tex
File: pgfcorepathusage.code.tex 2023-01-15 v3.1.10 (3.1.10)
\pgf@shorten@end@additional=\dimen174
\pgf@shorten@start@additional=\dimen175
)
(/nix/store/djlsdrwlggq0b2c2mcwmapiras5kd7bb-texlive-combined-full-2024.2024102
7-texmfdist/tex/generic/pgf/basiclayer/pgfcorescopes.code.tex
File: pgfcorescopes.code.tex 2023-01-15 v3.1.10 (3.1.10)
\pgfpic=\box56
\pgf@hbox=\box57
\pgf@layerbox@main=\box58
\pgf@picture@serial@count=\count280
)
(/nix/store/djlsdrwlggq0b2c2mcwmapiras5kd7bb-texlive-combined-full-2024.2024102
7-texmfdist/tex/generic/pgf/basiclayer/pgfcoregraphicstate.code.tex
File: pgfcoregraphicstate.code.tex 2023-01-15 v3.1.10 (3.1.10)
\pgflinewidth=\dimen176
)
(/nix/store/djlsdrwlggq0b2c2mcwmapiras5kd7bb-texlive-combined-full-2024.2024102
7-texmfdist/tex/generic/pgf/basiclayer/pgfcoretransformations.code.tex
File: pgfcoretransformations.code.tex 2023-01-15 v3.1.10 (3.1.10)
\pgf@pt@x=\dimen177
\pgf@pt@y=\dimen178
\pgf@pt@temp=\dimen179
)
(/nix/store/djlsdrwlggq0b2c2mcwmapiras5kd7bb-texlive-combined-full-2024.2024102
7-texmfdist/tex/generic/pgf/basiclayer/pgfcorequick.code.tex
File: pgfcorequick.code.tex 2023-01-15 v3.1.10 (3.1.10)
)
(/nix/store/djlsdrwlggq0b2c2mcwmapiras5kd7bb-texlive-combined-full-2024.2024102
7-texmfdist/tex/generic/pgf/basiclayer/pgfcoreobjects.code.tex
File: pgfcoreobjects.code.tex 2023-01-15 v3.1.10 (3.1.10)
)
(/nix/store/djlsdrwlggq0b2c2mcwmapiras5kd7bb-texlive-combined-full-2024.2024102
7-texmfdist/tex/generic/pgf/basiclayer/pgfcorepathprocessing.code.tex
File: pgfcorepathprocessing.code.tex 2023-01-15 v3.1.10 (3.1.10)
)
(/nix/store/djlsdrwlggq0b2c2mcwmapiras5kd7bb-texlive-combined-full-2024.2024102
7-texmfdist/tex/generic/pgf/basiclayer/pgfcorearrows.code.tex
File: pgfcorearrows.code.tex 2023-01-15 v3.1.10 (3.1.10)
\pgfarrowsep=\dimen180
)
(/nix/store/djlsdrwlggq0b2c2mcwmapiras5kd7bb-texlive-combined-full-2024.2024102
7-texmfdist/tex/generic/pgf/basiclayer/pgfcoreshade.code.tex
File: pgfcoreshade.code.tex 2023-01-15 v3.1.10 (3.1.10)
\pgf@max=\dimen181
\pgf@sys@shading@range@num=\count281
\pgf@shadingcount=\count282
)
(/nix/store/djlsdrwlggq0b2c2mcwmapiras5kd7bb-texlive-combined-full-2024.2024102
7-texmfdist/tex/generic/pgf/basiclayer/pgfcoreimage.code.tex
File: pgfcoreimage.code.tex 2023-01-15 v3.1.10 (3.1.10)
)
(/nix/store/djlsdrwlggq0b2c2mcwmapiras5kd7bb-texlive-combined-full-2024.2024102
7-texmfdist/tex/generic/pgf/basiclayer/pgfcoreexternal.code.tex
File: pgfcoreexternal.code.tex 2023-01-15 v3.1.10 (3.1.10)
\pgfexternal@startupbox=\box59
)
(/nix/store/djlsdrwlggq0b2c2mcwmapiras5kd7bb-texlive-combined-full-2024.2024102
7-texmfdist/tex/generic/pgf/basiclayer/pgfcorelayers.code.tex
File: pgfcorelayers.code.tex 2023-01-15 v3.1.10 (3.1.10)
)
(/nix/store/djlsdrwlggq0b2c2mcwmapiras5kd7bb-texlive-combined-full-2024.2024102
7-texmfdist/tex/generic/pgf/basiclayer/pgfcoretransparency.code.tex
File: pgfcoretransparency.code.tex 2023-01-15 v3.1.10 (3.1.10)
)
(/nix/store/djlsdrwlggq0b2c2mcwmapiras5kd7bb-texlive-combined-full-2024.2024102
7-texmfdist/tex/generic/pgf/basiclayer/pgfcorepatterns.code.tex
File: pgfcorepatterns.code.tex 2023-01-15 v3.1.10 (3.1.10)
)
(/nix/store/djlsdrwlggq0b2c2mcwmapiras5kd7bb-texlive-combined-full-2024.2024102
7-texmfdist/tex/generic/pgf/basiclayer/pgfcorerdf.code.tex
File: pgfcorerdf.code.tex 2023-01-15 v3.1.10 (3.1.10)
)))
(/nix/store/djlsdrwlggq0b2c2mcwmapiras5kd7bb-texlive-combined-full-2024.2024102
7-texmfdist/tex/generic/pgf/modules/pgfmoduleshapes.code.tex
File: pgfmoduleshapes.code.tex 2023-01-15 v3.1.10 (3.1.10)
\pgfnodeparttextbox=\box60
)
(/nix/store/djlsdrwlggq0b2c2mcwmapiras5kd7bb-texlive-combined-full-2024.2024102
7-texmfdist/tex/generic/pgf/modules/pgfmoduleplot.code.tex
File: pgfmoduleplot.code.tex 2023-01-15 v3.1.10 (3.1.10)
)
(/nix/store/djlsdrwlggq0b2c2mcwmapiras5kd7bb-texlive-combined-full-2024.2024102
7-texmfdist/tex/latex/pgf/compatibility/pgfcomp-version-0-65.sty
Package: pgfcomp-version-0-65 2023-01-15 v3.1.10 (3.1.10)
\pgf@nodesepstart=\dimen182
\pgf@nodesepend=\dimen183
)
(/nix/store/djlsdrwlggq0b2c2mcwmapiras5kd7bb-texlive-combined-full-2024.2024102
7-texmfdist/tex/latex/pgf/compatibility/pgfcomp-version-1-18.sty
Package: pgfcomp-version-1-18 2023-01-15 v3.1.10 (3.1.10)
))
(/nix/store/djlsdrwlggq0b2c2mcwmapiras5kd7bb-texlive-combined-full-2024.2024102
7-texmfdist/tex/latex/pgf/utilities/pgffor.sty
(/nix/store/djlsdrwlggq0b2c2mcwmapiras5kd7bb-texlive-combined-full-2024.2024102
7-texmfdist/tex/latex/pgf/utilities/pgfkeys.sty
(/nix/store/djlsdrwlggq0b2c2mcwmapiras5kd7bb-texlive-combined-full-2024.2024102
7-texmfdist/tex/generic/pgf/utilities/pgfkeys.code.tex))
(/nix/store/djlsdrwlggq0b2c2mcwmapiras5kd7bb-texlive-combined-full-2024.2024102
7-texmfdist/tex/latex/pgf/math/pgfmath.sty
(/nix/store/djlsdrwlggq0b2c2mcwmapiras5kd7bb-texlive-combined-full-2024.2024102
7-texmfdist/tex/generic/pgf/math/pgfmath.code.tex))
(/nix/store/djlsdrwlggq0b2c2mcwmapiras5kd7bb-texlive-combined-full-2024.2024102
7-texmfdist/tex/generic/pgf/utilities/pgffor.code.tex
Package: pgffor 2023-01-15 v3.1.10 (3.1.10)
\pgffor@iter=\dimen184
\pgffor@skip=\dimen185
\pgffor@stack=\toks32
\pgffor@toks=\toks33
))
(/nix/store/djlsdrwlggq0b2c2mcwmapiras5kd7bb-texlive-combined-full-2024.2024102
7-texmfdist/tex/generic/pgf/frontendlayer/tikz/tikz.code.tex
Package: tikz 2023-01-15 v3.1.10 (3.1.10)

(/nix/store/djlsdrwlggq0b2c2mcwmapiras5kd7bb-texlive-combined-full-2024.2024102
7-texmfdist/tex/generic/pgf/libraries/pgflibraryplothandlers.code.tex
File: pgflibraryplothandlers.code.tex 2023-01-15 v3.1.10 (3.1.10)
\pgf@plot@mark@count=\count283
\pgfplotmarksize=\dimen186
)
\tikz@lastx=\dimen187
\tikz@lasty=\dimen188
\tikz@lastxsaved=\dimen189
\tikz@lastysaved=\dimen190
\tikz@lastmovetox=\dimen191
\tikz@lastmovetoy=\dimen192
\tikzleveldistance=\dimen193
\tikzsiblingdistance=\dimen194
\tikz@figbox=\box61
\tikz@figbox@bg=\box62
\tikz@tempbox=\box63
\tikz@tempbox@bg=\box64
\tikztreelevel=\count284
\tikznumberofchildren=\count285
\tikznumberofcurrentchild=\count286
\tikz@fig@count=\count287

(/nix/store/djlsdrwlggq0b2c2mcwmapiras5kd7bb-texlive-combined-full-2024.2024102
7-texmfdist/tex/generic/pgf/modules/pgfmodulematrix.code.tex
File: pgfmodulematrix.code.tex 2023-01-15 v3.1.10 (3.1.10)
\pgfmatrixcurrentrow=\count288
\pgfmatrixcurrentcolumn=\count289
\pgf@matrix@numberofcolumns=\count290
)
\tikz@expandcount=\count291

(/nix/store/djlsdrwlggq0b2c2mcwmapiras5kd7bb-texlive-combined-full-2024.2024102
7-texmfdist/tex/generic/pgf/frontendlayer/tikz/libraries/tikzlibrarytopaths.cod
e.tex
File: tikzlibrarytopaths.code.tex 2023-01-15 v3.1.10 (3.1.10)
)))
(/nix/store/djlsdrwlggq0b2c2mcwmapiras5kd7bb-texlive-combined-full-2024.2024102
7-texmfdist/tex/latex/tools/verbatim.sty
Package: verbatim 2024-01-22 v1.5x LaTeX2e package for verbatim enhancements
\every@verbatim=\toks34
\verbatim@line=\toks35
\verbatim@in@stream=\read4
)
(/nix/store/djlsdrwlggq0b2c2mcwmapiras5kd7bb-texlive-combined-full-2024.2024102
7-texmfdist/tex/latex/environ/environ.sty
Package: environ 2014/05/04 v0.3 A new way to define environments

(/nix/store/djlsdrwlggq0b2c2mcwmapiras5kd7bb-texlive-combined-full-2024.2024102
7-texmfdist/tex/latex/trimspaces/trimspaces.sty
Package: trimspaces 2009/09/17 v1.1 Trim spaces around a token list
)
\@envbody=\toks36
)
(/nix/store/djlsdrwlggq0b2c2mcwmapiras5kd7bb-texlive-combined-full-2024.2024102
7-texmfdist/tex/latex/etoolbox/etoolbox.sty
Package: etoolbox 2020/10/05 v2.5k e-TeX tools for LaTeX (JAW)
\etb@tempcnta=\count292
)
\tcb@titlebox=\box65
\tcb@upperbox=\box66
\tcb@lowerbox=\box67
\tcb@phantombox=\box68
\c@tcbbreakpart=\count293
\c@tcblayer=\count294
\c@tcolorbox@number=\count295
\l__tcobox_tmpa_box=\box69
\l__tcobox_tmpa_dim=\dimen195
\tcb@temp=\box70
\tcb@temp=\box71
\tcb@temp=\box72
\tcb@temp=\box73

(/nix/store/djlsdrwlggq0b2c2mcwmapiras5kd7bb-texlive-combined-full-2024.2024102
7-texmfdist/tex/latex/tcolorbox/tcbraster.code.tex
Library (tcolorbox): 'tcbraster.code.tex' version '6.4.1'
\c@tcbrastercolumn=\count296
\c@tcbrasterrow=\count297
\c@tcbrasternum=\count298
\c@tcbraster=\count299
)
(/nix/store/djlsdrwlggq0b2c2mcwmapiras5kd7bb-texlive-combined-full-2024.2024102
7-texmfdist/tex/latex/tcolorbox/tcbskins.code.tex
Library (tcolorbox): 'tcbskins.code.tex' version '6.4.1'

(/nix/store/djlsdrwlggq0b2c2mcwmapiras5kd7bb-texlive-combined-full-2024.2024102
7-texmfdist/tex/latex/tikzfill/tikzfill.image.sty
Package: tikzfill.image 2023/08/08 v1.0.1 Image filling library for TikZ

(/nix/store/djlsdrwlggq0b2c2mcwmapiras5kd7bb-texlive-combined-full-2024.2024102
7-texmfdist/tex/latex/tikzfill/tikzfill-common.sty
Package: tikzfill-common 2023/08/08 v1.0.1 Auxiliary code for tikzfill
)
(/nix/store/djlsdrwlggq0b2c2mcwmapiras5kd7bb-texlive-combined-full-2024.2024102
7-texmfdist/tex/latex/tikzfill/tikzlibraryfill.image.code.tex
File: tikzlibraryfill.image.code.tex 2023/08/08 v1.0.1 Image filling library
\l__tikzfill_img_box=\box74
))
(/nix/store/djlsdrwlggq0b2c2mcwmapiras5kd7bb-texlive-combined-full-2024.2024102
7-texmfdist/tex/latex/tcolorbox/tcbskinsjigsaw.code.tex
Library (tcolorbox): 'tcbskinsjigsaw.code.tex' version '6.4.1'
))
(/nix/store/djlsdrwlggq0b2c2mcwmapiras5kd7bb-texlive-combined-full-2024.2024102
7-texmfdist/tex/latex/tcolorbox/tcbbreakable.code.tex
Library (tcolorbox): 'tcbbreakable.code.tex' version '6.4.1'

(/nix/store/djlsdrwlggq0b2c2mcwmapiras5kd7bb-texlive-combined-full-2024.2024102
7-texmfdist/tex/latex/pdfcol/pdfcol.sty
Package: pdfcol 2022-09-21 v1.7 Handle new color stacks for pdfTeX (HO)

(/nix/store/djlsdrwlggq0b2c2mcwmapiras5kd7bb-texlive-combined-full-2024.2024102
7-texmfdist/tex/generic/ltxcmds/ltxcmds.sty
Package: ltxcmds 2023-12-04 v1.26 LaTeX kernel commands for general use (HO)
)
(/nix/store/djlsdrwlggq0b2c2mcwmapiras5kd7bb-texlive-combined-full-2024.2024102
7-texmfdist/tex/generic/infwarerr/infwarerr.sty
Package: infwarerr 2019/12/03 v1.5 Providing info/warning/error messages (HO)
)
(/nix/store/djlsdrwlggq0b2c2mcwmapiras5kd7bb-texlive-combined-full-2024.2024102
7-texmfdist/tex/generic/iftex/iftex.sty
Package: iftex 2022/02/03 v1.0f TeX engine tests
))
Package pdfcol Info: New color stack `tcb@breakable' = 1 on input line 23.
\tcb@testbox=\box75
\tcb@totalupperbox=\box76
\tcb@totallowerbox=\box77
)
(/nix/store/djlsdrwlggq0b2c2mcwmapiras5kd7bb-texlive-combined-full-2024.2024102
7-texmfdist/tex/latex/tcolorbox/tcbhooks.code.tex
Library (tcolorbox): 'tcbhooks.code.tex' version '6.4.1'
)
(/nix/store/djlsdrwlggq0b2c2mcwmapiras5kd7bb-texlive-combined-full-2024.2024102
7-texmfdist/tex/latex/tcolorbox/tcbtheorems.code.tex
Library (tcolorbox): 'tcbtheorems.code.tex' version '6.4.1'

(/nix/store/djlsdrwlggq0b2c2mcwmapiras5kd7bb-texlive-combined-full-2024.2024102
7-texmfdist/tex/latex/amsmath/amsmath.sty
Package: amsmath 2024/05/23 v2.17q AMS math features
\@mathmargin=\skip51

For additional information on amsmath, use the `?' option.

(/nix/store/djlsdrwlggq0b2c2mcwmapiras5kd7bb-texlive-combined-full-2024.2024102
7-texmfdist/tex/latex/amsmath/amstext.sty
Package: amstext 2021/08/26 v2.01 AMS text

(/nix/store/djlsdrwlggq0b2c2mcwmapiras5kd7bb-texlive-combined-full-2024.2024102
7-texmfdist/tex/latex/amsmath/amsgen.sty
File: amsgen.sty 1999/11/30 v2.0 generic functions
\@emptytoks=\toks37
\ex@=\dimen196
))
(/nix/store/djlsdrwlggq0b2c2mcwmapiras5kd7bb-texlive-combined-full-2024.2024102
7-texmfdist/tex/latex/amsmath/amsbsy.sty
Package: amsbsy 1999/11/29 v1.2d Bold Symbols
\pmbraise@=\dimen197
)
(/nix/store/djlsdrwlggq0b2c2mcwmapiras5kd7bb-texlive-combined-full-2024.2024102
7-texmfdist/tex/latex/amsmath/amsopn.sty
Package: amsopn 2022/04/08 v2.04 operator names
)
\inf@bad=\count300
LaTeX Info: Redefining \frac on input line 233.
\uproot@=\count301
\leftroot@=\count302
LaTeX Info: Redefining \overline on input line 398.
LaTeX Info: Redefining \colon on input line 409.
\classnum@=\count303
\DOTSCASE@=\count304
LaTeX Info: Redefining \ldots on input line 495.
LaTeX Info: Redefining \dots on input line 498.
LaTeX Info: Redefining \cdots on input line 619.
\Mathstrutbox@=\box78
\strutbox@=\box79
LaTeX Info: Redefining \big on input line 721.
LaTeX Info: Redefining \Big on input line 722.
LaTeX Info: Redefining \bigg on input line 723.
LaTeX Info: Redefining \Bigg on input line 724.
\big@size=\dimen198
LaTeX Font Info:    Redeclaring font encoding OML on input line 742.
LaTeX Font Info:    Redeclaring font encoding OMS on input line 743.
\macc@depth=\count305
LaTeX Info: Redefining \bmod on input line 904.
LaTeX Info: Redefining \pmod on input line 909.
LaTeX Info: Redefining \smash on input line 939.
LaTeX Info: Redefining \relbar on input line 969.
LaTeX Info: Redefining \Relbar on input line 970.
\c@MaxMatrixCols=\count306
\dotsspace@=\muskip17
\c@parentequation=\count307
\dspbrk@lvl=\count308
\tag@help=\toks38
\row@=\count309
\column@=\count310
\maxfields@=\count311
\andhelp@=\toks39
\eqnshift@=\dimen199
\alignsep@=\dimen256
\tagshift@=\dimen257
\tagwidth@=\dimen258
\totwidth@=\dimen259
\lineht@=\dimen260
\@envbody=\toks40
\multlinegap=\skip52
\multlinetaggap=\skip53
\mathdisplay@stack=\toks41
LaTeX Info: Redefining \[ on input line 2953.
LaTeX Info: Redefining \] on input line 2954.
))
(/nix/store/djlsdrwlggq0b2c2mcwmapiras5kd7bb-texlive-combined-full-2024.2024102
7-texmfdist/tex/latex/tcolorbox/tcbfitting.code.tex
Library (tcolorbox): 'tcbfitting.code.tex' version '6.4.1'
\tcbfitdim=\dimen261
\tcb@lowerfitdim=\dimen262
\tcb@upperfitdim=\dimen263
\tcb@cur@hbadness=\count312
)
(/nix/store/djlsdrwlggq0b2c2mcwmapiras5kd7bb-texlive-combined-full-2024.2024102
7-texmfdist/tex/latex/tcolorbox/tcblistingsutf8.code.tex
Library (tcolorbox): 'tcblistingsutf8.code.tex' version '6.4.1'

(/nix/store/djlsdrwlggq0b2c2mcwmapiras5kd7bb-texlive-combined-full-2024.2024102
7-texmfdist/tex/latex/tcolorbox/tcblistings.code.tex
Library (tcolorbox): 'tcblistings.code.tex' version '6.4.1'

(/nix/store/djlsdrwlggq0b2c2mcwmapiras5kd7bb-texlive-combined-full-2024.2024102
7-texmfdist/tex/latex/listings/listings.sty
\lst@mode=\count313
\lst@gtempboxa=\box80
\lst@token=\toks42
\lst@length=\count314
\lst@currlwidth=\dimen264
\lst@column=\count315
\lst@pos=\count316
\lst@lostspace=\dimen265
\lst@width=\dimen266
\lst@newlines=\count317
\lst@lineno=\count318
\lst@maxwidth=\dimen267

(/nix/store/djlsdrwlggq0b2c2mcwmapiras5kd7bb-texlive-combined-full-2024.2024102
7-texmfdist/tex/latex/listings/lstpatch.sty
File: lstpatch.sty 2024/09/23 1.10c (Carsten Heinz)
)
(/nix/store/djlsdrwlggq0b2c2mcwmapiras5kd7bb-texlive-combined-full-2024.2024102
7-texmfdist/tex/latex/listings/lstmisc.sty
File: lstmisc.sty 2024/09/23 1.10c (Carsten Heinz)
\c@lstnumber=\count319
\lst@skipnumbers=\count320
\lst@framebox=\box81
)
(/nix/store/djlsdrwlggq0b2c2mcwmapiras5kd7bb-texlive-combined-full-2024.2024102
7-texmfdist/tex/latex/listings/listings.cfg
File: listings.cfg 2024/09/23 1.10c listings configuration
))
Package: listings 2024/09/23 1.10c (Carsten Heinz)

(/nix/store/djlsdrwlggq0b2c2mcwmapiras5kd7bb-texlive-combined-full-2024.2024102
7-texmfdist/tex/latex/tcolorbox/tcblistingscore.code.tex
Library (tcolorbox): 'tcblistingscore.code.tex' version '6.4.1'

(/nix/store/djlsdrwlggq0b2c2mcwmapiras5kd7bb-texlive-combined-full-2024.2024102
7-texmfdist/tex/latex/tcolorbox/tcbprocessing.code.tex
Library (tcolorbox): 'tcbprocessing.code.tex' version '6.4.1'
)
\c@tcblisting=\count321
))
(/nix/store/djlsdrwlggq0b2c2mcwmapiras5kd7bb-texlive-combined-full-2024.2024102
7-texmfdist/tex/latex/listingsutf8/listingsutf8.sty
Package: listingsutf8 2019-12-10 v1.5 Allow UTF-8 in listings input (HO)

(/nix/store/djlsdrwlggq0b2c2mcwmapiras5kd7bb-texlive-combined-full-2024.2024102
7-texmfdist/tex/generic/pdftexcmds/pdftexcmds.sty
Package: pdftexcmds 2020-06-27 v0.33 Utility functions of pdfTeX for LuaTeX (HO
)
Package pdftexcmds Info: \pdf@primitive is available.
Package pdftexcmds Info: \pdf@ifprimitive is available.
Package pdftexcmds Info: \pdfdraftmode found.
)
(/nix/store/djlsdrwlggq0b2c2mcwmapiras5kd7bb-texlive-combined-full-2024.2024102
7-texmfdist/tex/generic/stringenc/stringenc.sty
Package: stringenc 2019/11/29 v1.12 Convert strings between diff. encodings (HO
)

(/nix/store/djlsdrwlggq0b2c2mcwmapiras5kd7bb-texlive-combined-full-2024.2024102
7-texmfdist/tex/generic/pdfescape/pdfescape.sty
Package: pdfescape 2019/12/09 v1.15 Implements pdfTeX's escape features (HO)
))))
(/nix/store/djlsdrwlggq0b2c2mcwmapiras5kd7bb-texlive-combined-full-2024.2024102
7-texmfdist/tex/latex/tcolorbox/tcbexternal.code.tex
Library (tcolorbox): 'tcbexternal.code.tex' version '6.4.1'
)
(/nix/store/djlsdrwlggq0b2c2mcwmapiras5kd7bb-texlive-combined-full-2024.2024102
7-texmfdist/tex/latex/tcolorbox/tcbmagazine.code.tex
Library (tcolorbox): 'tcbmagazine.code.tex' version '6.4.1'
)
(/nix/store/djlsdrwlggq0b2c2mcwmapiras5kd7bb-texlive-combined-full-2024.2024102
7-texmfdist/tex/latex/tcolorbox/tcbvignette.code.tex
Library (tcolorbox): 'tcbvignette.code.tex' version '6.4.1'

(/nix/store/djlsdrwlggq0b2c2mcwmapiras5kd7bb-texlive-combined-full-2024.2024102
7-texmfdist/tex/generic/pgf/frontendlayer/tikz/libraries/tikzlibraryfadings.cod
e.tex
File: tikzlibraryfadings.code.tex 2023-01-15 v3.1.10 (3.1.10)

(/nix/store/djlsdrwlggq0b2c2mcwmapiras5kd7bb-texlive-combined-full-2024.2024102
7-texmfdist/tex/generic/pgf/libraries/pgflibraryfadings.code.tex
File: pgflibraryfadings.code.tex 2023-01-15 v3.1.10 (3.1.10)
)))
(/nix/store/djlsdrwlggq0b2c2mcwmapiras5kd7bb-texlive-combined-full-2024.2024102
7-texmfdist/tex/latex/tcolorbox/tcbposter.code.tex
Library (tcolorbox): 'tcbposter.code.tex' version '6.4.1'
))
(/nix/store/djlsdrwlggq0b2c2mcwmapiras5kd7bb-texlive-combined-full-2024.2024102
7-texmfdist/tex/latex/titlesec/titlesec.sty
Package: titlesec 2023/10/27 v2.16 Sectioning titles
\ttl@box=\box82
\beforetitleunit=\skip54
\aftertitleunit=\skip55
\ttl@plus=\dimen268
\ttl@minus=\dimen269
\ttl@toksa=\toks43
\titlewidth=\dimen270
\titlewidthlast=\dimen271
\titlewidthfirst=\dimen272
)
(/nix/store/djlsdrwlggq0b2c2mcwmapiras5kd7bb-texlive-combined-full-2024.2024102
7-texmfdist/tex/latex/lm/lmodern.sty
Package: lmodern 2015/05/01 v1.6.1 Latin Modern Fonts
LaTeX Font Info:    Overwriting symbol font `operators' in version `normal'
(Font)                  OT1/cmr/m/n --> OT1/lmr/m/n on input line 22.
LaTeX Font Info:    Overwriting symbol font `letters' in version `normal'
(Font)                  OML/cmm/m/it --> OML/lmm/m/it on input line 23.
LaTeX Font Info:    Overwriting symbol font `symbols' in version `normal'
(Font)                  OMS/cmsy/m/n --> OMS/lmsy/m/n on input line 24.
LaTeX Font Info:    Overwriting symbol font `largesymbols' in version `normal'
(Font)                  OMX/cmex/m/n --> OMX/lmex/m/n on input line 25.
LaTeX Font Info:    Overwriting symbol font `operators' in version `bold'
(Font)                  OT1/cmr/bx/n --> OT1/lmr/bx/n on input line 26.
LaTeX Font Info:    Overwriting symbol font `letters' in version `bold'
(Font)                  OML/cmm/b/it --> OML/lmm/b/it on input line 27.
LaTeX Font Info:    Overwriting symbol font `symbols' in version `bold'
(Font)                  OMS/cmsy/b/n --> OMS/lmsy/b/n on input line 28.
LaTeX Font Info:    Overwriting symbol font `largesymbols' in version `bold'
(Font)                  OMX/cmex/m/n --> OMX/lmex/m/n on input line 29.
LaTeX Font Info:    Overwriting math alphabet `\mathbf' in version `normal'
(Font)                  OT1/cmr/bx/n --> OT1/lmr/bx/n on input line 31.
LaTeX Font Info:    Overwriting math alphabet `\mathsf' in version `normal'
(Font)                  OT1/cmss/m/n --> OT1/lmss/m/n on input line 32.
LaTeX Font Info:    Overwriting math alphabet `\mathit' in version `normal'
(Font)                  OT1/cmr/m/it --> OT1/lmr/m/it on input line 33.
LaTeX Font Info:    Overwriting math alphabet `\mathtt' in version `normal'
(Font)                  OT1/cmtt/m/n --> OT1/lmtt/m/n on input line 34.
LaTeX Font Info:    Overwriting math alphabet `\mathbf' in version `bold'
(Font)                  OT1/cmr/bx/n --> OT1/lmr/bx/n on input line 35.
LaTeX Font Info:    Overwriting math alphabet `\mathsf' in version `bold'
(Font)                  OT1/cmss/bx/n --> OT1/lmss/bx/n on input line 36.
LaTeX Font Info:    Overwriting math alphabet `\mathit' in version `bold'
(Font)                  OT1/cmr/bx/it --> OT1/lmr/bx/it on input line 37.
LaTeX Font Info:    Overwriting math alphabet `\mathtt' in version `bold'
(Font)                  OT1/cmtt/m/n --> OT1/lmtt/m/n on input line 38.
)
(/nix/store/djlsdrwlggq0b2c2mcwmapiras5kd7bb-texlive-combined-full-2024.2024102
7-texmfdist/tex/latex/geometry/geometry.sty
Package: geometry 2020/01/02 v5.9 Page Geometry

(/nix/store/djlsdrwlggq0b2c2mcwmapiras5kd7bb-texlive-combined-full-2024.2024102
7-texmfdist/tex/generic/iftex/ifvtex.sty
Package: ifvtex 2019/10/25 v1.7 ifvtex legacy package. Use iftex instead.
)
\Gm@cnth=\count322
\Gm@cntv=\count323
\c@Gm@tempcnt=\count324
\Gm@bindingoffset=\dimen273
\Gm@wd@mp=\dimen274
\Gm@odd@mp=\dimen275
\Gm@even@mp=\dimen276
\Gm@layoutwidth=\dimen277
\Gm@layoutheight=\dimen278
\Gm@layouthoffset=\dimen279
\Gm@layoutvoffset=\dimen280
\Gm@dimlist=\toks44
)
(/nix/store/djlsdrwlggq0b2c2mcwmapiras5kd7bb-texlive-combined-full-2024.2024102
7-texmfdist/tex/latex/hyperref/hyperref.sty
Package: hyperref 2024-07-10 v7.01j Hypertext links for LaTeX

(/nix/store/djlsdrwlggq0b2c2mcwmapiras5kd7bb-texlive-combined-full-2024.2024102
7-texmfdist/tex/latex/kvsetkeys/kvsetkeys.sty
Package: kvsetkeys 2022-10-05 v1.19 Key value parser (HO)
)
(/nix/store/djlsdrwlggq0b2c2mcwmapiras5kd7bb-texlive-combined-full-2024.2024102
7-texmfdist/tex/generic/kvdefinekeys/kvdefinekeys.sty
Package: kvdefinekeys 2019-12-19 v1.6 Define keys (HO)
)
(/nix/store/djlsdrwlggq0b2c2mcwmapiras5kd7bb-texlive-combined-full-2024.2024102
7-texmfdist/tex/latex/hycolor/hycolor.sty
Package: hycolor 2020-01-27 v1.10 Color options for hyperref/bookmark (HO)
)
(/nix/store/djlsdrwlggq0b2c2mcwmapiras5kd7bb-texlive-combined-full-2024.2024102
7-texmfdist/tex/latex/hyperref/nameref.sty
Package: nameref 2023-11-26 v2.56 Cross-referencing by name of section

(/nix/store/djlsdrwlggq0b2c2mcwmapiras5kd7bb-texlive-combined-full-2024.2024102
7-texmfdist/tex/latex/refcount/refcount.sty
Package: refcount 2019/12/15 v3.6 Data extraction from label references (HO)
)
(/nix/store/djlsdrwlggq0b2c2mcwmapiras5kd7bb-texlive-combined-full-2024.2024102
7-texmfdist/tex/generic/gettitlestring/gettitlestring.sty
Package: gettitlestring 2019/12/15 v1.6 Cleanup title references (HO)

(/nix/store/djlsdrwlggq0b2c2mcwmapiras5kd7bb-texlive-combined-full-2024.2024102
7-texmfdist/tex/latex/kvoptions/kvoptions.sty
Package: kvoptions 2022-06-15 v3.15 Key value format for package options (HO)
))
\c@section@level=\count325
)
\@linkdim=\dimen281
\Hy@linkcounter=\count326
\Hy@pagecounter=\count327

(/nix/store/djlsdrwlggq0b2c2mcwmapiras5kd7bb-texlive-combined-full-2024.2024102
7-texmfdist/tex/latex/hyperref/pd1enc.def
File: pd1enc.def 2024-07-10 v7.01j Hyperref: PDFDocEncoding definition (HO)
Now handling font encoding PD1 ...
... no UTF-8 mapping file for font encoding PD1
)
(/nix/store/djlsdrwlggq0b2c2mcwmapiras5kd7bb-texlive-combined-full-2024.2024102
7-texmfdist/tex/generic/intcalc/intcalc.sty
Package: intcalc 2019/12/15 v1.3 Expandable calculations with integers (HO)
)
\Hy@SavedSpaceFactor=\count328

(/nix/store/djlsdrwlggq0b2c2mcwmapiras5kd7bb-texlive-combined-full-2024.2024102
7-texmfdist/tex/latex/hyperref/puenc.def
File: puenc.def 2024-07-10 v7.01j Hyperref: PDF Unicode definition (HO)
Now handling font encoding PU ...
... no UTF-8 mapping file for font encoding PU
)
Package hyperref Info: Hyper figures OFF on input line 4157.
Package hyperref Info: Link nesting OFF on input line 4162.
Package hyperref Info: Hyper index ON on input line 4165.
Package hyperref Info: Plain pages OFF on input line 4172.
Package hyperref Info: Backreferencing OFF on input line 4177.
Package hyperref Info: Implicit mode ON; LaTeX internals redefined.
Package hyperref Info: Bookmarks ON on input line 4424.
\c@Hy@tempcnt=\count329

(/nix/store/djlsdrwlggq0b2c2mcwmapiras5kd7bb-texlive-combined-full-2024.2024102
7-texmfdist/tex/latex/url/url.sty
\Urlmuskip=\muskip18
Package: url 2013/09/16  ver 3.4  Verb mode for urls, etc.
)
LaTeX Info: Redefining \url on input line 4763.
\XeTeXLinkMargin=\dimen282

(/nix/store/djlsdrwlggq0b2c2mcwmapiras5kd7bb-texlive-combined-full-2024.2024102
7-texmfdist/tex/generic/bitset/bitset.sty
Package: bitset 2019/12/09 v1.3 Handle bit-vector datatype (HO)

(/nix/store/djlsdrwlggq0b2c2mcwmapiras5kd7bb-texlive-combined-full-2024.2024102
7-texmfdist/tex/generic/bigintcalc/bigintcalc.sty
Package: bigintcalc 2019/12/15 v1.5 Expandable calculations on big integers (HO
)
))
\Fld@menulength=\count330
\Field@Width=\dimen283
\Fld@charsize=\dimen284
Package hyperref Info: Hyper figures OFF on input line 6042.
Package hyperref Info: Link nesting OFF on input line 6047.
Package hyperref Info: Hyper index ON on input line 6050.
Package hyperref Info: backreferencing OFF on input line 6057.
Package hyperref Info: Link coloring OFF on input line 6062.
Package hyperref Info: Link coloring with OCG OFF on input line 6067.
Package hyperref Info: PDF/A mode OFF on input line 6072.

(/nix/store/djlsdrwlggq0b2c2mcwmapiras5kd7bb-texlive-combined-full-2024.2024102
7-texmfdist/tex/latex/base/atbegshi-ltx.sty
Package: atbegshi-ltx 2021/01/10 v1.0c Emulation of the original atbegshi
package with kernel methods
)
\Hy@abspage=\count331
\c@Item=\count332
\c@Hfootnote=\count333
)
Package hyperref Info: Driver (autodetected): hpdftex.

(/nix/store/djlsdrwlggq0b2c2mcwmapiras5kd7bb-texlive-combined-full-2024.2024102
7-texmfdist/tex/latex/hyperref/hpdftex.def
File: hpdftex.def 2024-07-10 v7.01j Hyperref driver for pdfTeX

(/nix/store/djlsdrwlggq0b2c2mcwmapiras5kd7bb-texlive-combined-full-2024.2024102
7-texmfdist/tex/latex/base/atveryend-ltx.sty
Package: atveryend-ltx 2020/08/19 v1.0a Emulation of the original atveryend pac
kage
with kernel methods
)
\Fld@listcount=\count334
\c@bookmark@seq@number=\count335

(/nix/store/djlsdrwlggq0b2c2mcwmapiras5kd7bb-texlive-combined-full-2024.2024102
7-texmfdist/tex/latex/rerunfilecheck/rerunfilecheck.sty
Package: rerunfilecheck 2022-07-10 v1.10 Rerun checks for auxiliary files (HO)

(/nix/store/djlsdrwlggq0b2c2mcwmapiras5kd7bb-texlive-combined-full-2024.2024102
7-texmfdist/tex/generic/uniquecounter/uniquecounter.sty
Package: uniquecounter 2019/12/15 v1.4 Provide unlimited unique counter (HO)
)
Package uniquecounter Info: New unique counter `rerunfilecheck' on input line 2
85.
)
\Hy@SectionHShift=\skip56
)
\c@grammarbox=\count336
LaTeX Font Info:    Trying to load font information for T1+lmss on input line 6
4.

(/nix/store/djlsdrwlggq0b2c2mcwmapiras5kd7bb-texlive-combined-full-2024.2024102
7-texmfdist/tex/latex/lm/t1lmss.fd
File: t1lmss.fd 2015/05/01 v1.6.1 Font defs for Latin Modern
)
(/nix/store/djlsdrwlggq0b2c2mcwmapiras5kd7bb-texlive-combined-full-2024.2024102
7-texmfdist/tex/latex/l3backend/l3backend-pdftex.def
File: l3backend-pdftex.def 2024-05-08 L3 backend support: PDF output (pdfTeX)
\l__color_backend_stack_int=\count337
\l__pdf_internal_box=\box83
) (./diagram.aux)
\openout1 = `diagram.aux'.

LaTeX Font Info:    Checking defaults for OML/cmm/m/it on input line 64.
LaTeX Font Info:    ... okay on input line 64.
LaTeX Font Info:    Checking defaults for OMS/cmsy/m/n on input line 64.
LaTeX Font Info:    ... okay on input line 64.
LaTeX Font Info:    Checking defaults for OT1/cmr/m/n on input line 64.
LaTeX Font Info:    ... okay on input line 64.
LaTeX Font Info:    Checking defaults for T1/cmr/m/n on input line 64.
LaTeX Font Info:    ... okay on input line 64.
LaTeX Font Info:    Checking defaults for TS1/cmr/m/n on input line 64.
LaTeX Font Info:    ... okay on input line 64.
LaTeX Font Info:    Checking defaults for OMX/cmex/m/n on input line 64.
LaTeX Font Info:    ... okay on input line 64.
LaTeX Font Info:    Checking defaults for U/cmr/m/n on input line 64.
LaTeX Font Info:    ... okay on input line 64.
LaTeX Font Info:    Checking defaults for PD1/pdf/m/n on input line 64.
LaTeX Font Info:    ... okay on input line 64.
LaTeX Font Info:    Checking defaults for PU/pdf/m/n on input line 64.
LaTeX Font Info:    ... okay on input line 64.

(/nix/store/djlsdrwlggq0b2c2mcwmapiras5kd7bb-texlive-combined-full-2024.2024102
7-texmfdist/tex/context/base/mkii/supp-pdf.mkii
[Loading MPS to PDF converter (version 2006.09.02).]
\scratchcounter=\count338
\scratchdimen=\dimen285
\scratchbox=\box84
\nofMPsegments=\count339
\nofMParguments=\count340
\everyMPshowfont=\toks45
\MPscratchCnt=\count341
\MPscratchDim=\dimen286
\MPnumerator=\count342
\makeMPintoPDFobject=\count343
\everyMPtoPDFconversion=\toks46
)
(/nix/store/djlsdrwlggq0b2c2mcwmapiras5kd7bb-texlive-combined-full-2024.2024102
7-texmfdist/tex/latex/epstopdf-pkg/epstopdf-base.sty
Package: epstopdf-base 2020-01-24 v2.11 Base part for package epstopdf
Package epstopdf-base Info: Redefining graphics rule for `.eps' on input line 4
85.

(/nix/store/djlsdrwlggq0b2c2mcwmapiras5kd7bb-texlive-combined-full-2024.2024102
7-texmfdist/tex/latex/latexconfig/epstopdf-sys.cfg
File: epstopdf-sys.cfg 2010/07/13 v1.3 Configuration of (r)epstopdf for TeX Liv
e
))
\c@lstlisting=\count344

*geometry* driver: auto-detecting
*geometry* detected driver: pdftex
*geometry* verbose mode - [ preamble ] result:
* driver: pdftex
* paper: a4paper
* layout: <same size as paper>
* layoutoffset:(h,v)=(0.0pt,0.0pt)
* modes: twoside 
* h-part:(L,W,R)=(72.26999pt, 452.9679pt, 72.26999pt)
* v-part:(T,H,B)=(72.26999pt, 700.50687pt, 72.26999pt)
* \paperwidth=597.50787pt
* \paperheight=845.04684pt
* \textwidth=452.9679pt
* \textheight=700.50687pt
* \oddsidemargin=0.0pt
* \evensidemargin=0.0pt
* \topmargin=-37.0pt
* \headheight=12.0pt
* \headsep=25.0pt
* \topskip=10.0pt
* \footskip=30.0pt
* \marginparwidth=111.0pt
* \marginparsep=11.0pt
* \columnsep=10.0pt
* \skip\footins=9.0pt plus 4.0pt minus 2.0pt
* \hoffset=0.0pt
* \voffset=0.0pt
* \mag=1000
* \@twocolumnfalse
* \@twosidetrue
* \@mparswitchtrue
* \@reversemarginfalse
* (1in=72.27pt=25.4mm, 1cm=28.453pt)

Package hyperref Info: Link coloring OFF on input line 64.
(./diagram.out) (./diagram.out)
\@outlinefile=\write4
\openout4 = `diagram.out'.

LaTeX Font Info:    Trying to load font information for OT1+lmr on input line 6
6.

(/nix/store/djlsdrwlggq0b2c2mcwmapiras5kd7bb-texlive-combined-full-2024.2024102
7-texmfdist/tex/latex/lm/ot1lmr.fd
File: ot1lmr.fd 2015/05/01 v1.6.1 Font defs for Latin Modern
)
LaTeX Font Info:    Trying to load font information for OML+lmm on input line 6
6.

(/nix/store/djlsdrwlggq0b2c2mcwmapiras5kd7bb-texlive-combined-full-2024.2024102
7-texmfdist/tex/latex/lm/omllmm.fd
File: omllmm.fd 2015/05/01 v1.6.1 Font defs for Latin Modern
)
LaTeX Font Info:    Trying to load font information for OMS+lmsy on input line 
66.

(/nix/store/djlsdrwlggq0b2c2mcwmapiras5kd7bb-texlive-combined-full-2024.2024102
7-texmfdist/tex/latex/lm/omslmsy.fd
File: omslmsy.fd 2015/05/01 v1.6.1 Font defs for Latin Modern
)
LaTeX Font Info:    Trying to load font information for OMX+lmex on input line 
66.

(/nix/store/djlsdrwlggq0b2c2mcwmapiras5kd7bb-texlive-combined-full-2024.2024102
7-texmfdist/tex/latex/lm/omxlmex.fd
File: omxlmex.fd 2015/05/01 v1.6.1 Font defs for Latin Modern
)
LaTeX Font Info:    External font `lmex10' loaded for size
(Font)              <12> on input line 66.
LaTeX Font Info:    External font `lmex10' loaded for size
(Font)              <8> on input line 66.
LaTeX Font Info:    External font `lmex10' loaded for size
(Font)              <6> on input line 66.


pdfTeX warning: /nix/store/kz4bx8ni0g6y06rfj451hm5h4na90724-texlive-combined-fu
ll-2024.20241027/bin/pdflatex (file ./diagram/program.pdf): PDF inclusion: foun
d PDF version <1.7>, but at most version <1.5> allowed
<diagram/program.pdf, id=55, 426.84468pt x 27.85406pt>
File: diagram/program.pdf Graphic file (type pdf)
<use diagram/program.pdf>
Package pdftex.def Info: diagram/program.pdf  used on input line 79.
(pdftex.def)             Requested size: 426.84364pt x 27.85397pt.


pdfTeX warning: /nix/store/kz4bx8ni0g6y06rfj451hm5h4na90724-texlive-combined-fu
ll-2024.20241027/bin/pdflatex (file ./diagram/program_headingopt.pdf): PDF incl
usion: found PDF version <1.7>, but at most version <1.5> allowed
<diagram/program_headingopt.pdf, id=56, 220.57407pt x 42.91031pt>
File: diagram/program_headingopt.pdf Graphic file (type pdf)
<use diagram/program_headingopt.pdf>
Package pdftex.def Info: diagram/program_headingopt.pdf  used on input line 92.

(pdftex.def)             Requested size: 220.57352pt x 42.91019pt.
LaTeX Font Info:    Trying to load font information for TS1+lmss on input line 
107.

(/nix/store/djlsdrwlggq0b2c2mcwmapiras5kd7bb-texlive-combined-full-2024.2024102
7-texmfdist/tex/latex/lm/ts1lmss.fd
File: ts1lmss.fd 2015/05/01 v1.6.1 Font defs for Latin Modern
)

pdfTeX warning: /nix/store/kz4bx8ni0g6y06rfj451hm5h4na90724-texlive-combined-fu
ll-2024.20241027/bin/pdflatex (file ./diagram/identifier_list.pdf): PDF inclusi
on: found PDF version <1.7>, but at most version <1.5> allowed
<diagram/identifier_list.pdf, id=58, 131.74219pt x 60.97781pt>
File: diagram/identifier_list.pdf Graphic file (type pdf)
<use diagram/identifier_list.pdf>
Package pdftex.def Info: diagram/identifier_list.pdf  used on input line 114.
(pdftex.def)             Requested size: 131.74185pt x 60.97765pt.


pdfTeX warning: /nix/store/kz4bx8ni0g6y06rfj451hm5h4na90724-texlive-combined-fu
ll-2024.20241027/bin/pdflatex (file ./diagram/block.pdf): PDF inclusion: found 
PDF version <1.7>, but at most version <1.5> allowed
<diagram/block.pdf, id=61, 351.56343pt x 73.02281pt>
File: diagram/block.pdf Graphic file (type pdf)
<use diagram/block.pdf>
Package pdftex.def Info: diagram/block.pdf  used on input line 138.
(pdftex.def)             Requested size: 351.56256pt x 73.02261pt.


[1

{/nix/store/kz4bx8ni0g6y06rfj451hm5h4na90724-texlive-combined-full-2024.2024102
7/share/texmf-var/fonts/map/pdftex/updmap/pdftex.map}{/nix/store/djlsdrwlggq0b2
c2mcwmapiras5kd7bb-texlive-combined-full-2024.20241027-texmfdist/fonts/enc/dvip
s/lm/lm-ec.enc}{/nix/store/djlsdrwlggq0b2c2mcwmapiras5kd7bb-texlive-combined-fu
ll-2024.20241027-texmfdist/fonts/enc/dvips/lm/lm-ts1.enc} <./diagram/program.pd
f> <./diagram/program_headingopt.pdf

pdfTeX warning: /nix/store/kz4bx8ni0g6y06rfj451hm5h4na90724-texlive-combined-fu
ll-2024.20241027/bin/pdflatex (file ./diagram/program_headingopt.pdf): PDF incl
usion: multiple pdfs with page group included in a single page
> <./diagram/identifier_list.pdf

pdfTeX warning: /nix/store/kz4bx8ni0g6y06rfj451hm5h4na90724-texlive-combined-fu
ll-2024.20241027/bin/pdflatex (file ./diagram/identifier_list.pdf): PDF inclusi
on: multiple pdfs with page group included in a single page
>]

pdfTeX warning: /nix/store/kz4bx8ni0g6y06rfj451hm5h4na90724-texlive-combined-fu
ll-2024.20241027/bin/pdflatex (file ./diagram/block1.pdf): PDF inclusion: found
 PDF version <1.7>, but at most version <1.5> allowed
<diagram/block1.pdf, id=120, 420.82219pt x 51.94406pt>
File: diagram/block1.pdf Graphic file (type pdf)
<use diagram/block1.pdf>
Package pdftex.def Info: diagram/block1.pdf  used on input line 161.
(pdftex.def)             Requested size: 420.82115pt x 51.94392pt.


pdfTeX warning: /nix/store/kz4bx8ni0g6y06rfj451hm5h4na90724-texlive-combined-fu
ll-2024.20241027/bin/pdflatex (file ./diagram/block2.pdf): PDF inclusion: found
 PDF version <1.7>, but at most version <1.5> allowed
<diagram/block2.pdf, id=122, 396.7322pt x 51.94406pt>
File: diagram/block2.pdf Graphic file (type pdf)
<use diagram/block2.pdf>
Package pdftex.def Info: diagram/block2.pdf  used on input line 182.
(pdftex.def)             Requested size: 396.73122pt x 51.94392pt.


pdfTeX warning: /nix/store/kz4bx8ni0g6y06rfj451hm5h4na90724-texlive-combined-fu
ll-2024.20241027/bin/pdflatex (file ./diagram/block3.pdf): PDF inclusion: found
 PDF version <1.7>, but at most version <1.5> allowed
<diagram/block3.pdf, id=124, 410.2828pt x 51.94406pt>
File: diagram/block3.pdf Graphic file (type pdf)
<use diagram/block3.pdf>
Package pdftex.def Info: diagram/block3.pdf  used on input line 203.
(pdftex.def)             Requested size: 410.2818pt x 51.94392pt.


pdfTeX warning: /nix/store/kz4bx8ni0g6y06rfj451hm5h4na90724-texlive-combined-fu
ll-2024.20241027/bin/pdflatex (file ./diagram/block4.pdf): PDF inclusion: found
 PDF version <1.7>, but at most version <1.5> allowed
<diagram/block4.pdf, id=126, 274.77657pt x 51.94406pt>
File: diagram/block4.pdf Graphic file (type pdf)
<use diagram/block4.pdf>
Package pdftex.def Info: diagram/block4.pdf  used on input line 224.
(pdftex.def)             Requested size: 274.77588pt x 51.94392pt.


[2 <./diagram/block.pdf> <./diagram/block1.pdf

pdfTeX warning: /nix/store/kz4bx8ni0g6y06rfj451hm5h4na90724-texlive-combined-fu
ll-2024.20241027/bin/pdflatex (file ./diagram/block1.pdf): PDF inclusion: multi
ple pdfs with page group included in a single page
> <./diagram/block2.pdf

pdfTeX warning: /nix/store/kz4bx8ni0g6y06rfj451hm5h4na90724-texlive-combined-fu
ll-2024.20241027/bin/pdflatex (file ./diagram/block2.pdf): PDF inclusion: multi
ple pdfs with page group included in a single page
> <./diagram/block3.pdf

pdfTeX warning: /nix/store/kz4bx8ni0g6y06rfj451hm5h4na90724-texlive-combined-fu
ll-2024.20241027/bin/pdflatex (file ./diagram/block3.pdf): PDF inclusion: multi
ple pdfs with page group included in a single page
>]

pdfTeX warning: /nix/store/kz4bx8ni0g6y06rfj451hm5h4na90724-texlive-combined-fu
ll-2024.20241027/bin/pdflatex (file ./diagram/block5.pdf): PDF inclusion: found
 PDF version <1.7>, but at most version <1.5> allowed
<diagram/block5.pdf, id=196, 234.1247pt x 27.85406pt>
File: diagram/block5.pdf Graphic file (type pdf)
<use diagram/block5.pdf>
Package pdftex.def Info: diagram/block5.pdf  used on input line 245.
(pdftex.def)             Requested size: 234.12411pt x 27.85397pt.


pdfTeX warning: /nix/store/kz4bx8ni0g6y06rfj451hm5h4na90724-texlive-combined-fu
ll-2024.20241027/bin/pdflatex (file ./diagram/variableid_list.pdf): PDF inclusi
on: found PDF version <1.7>, but at most version <1.5> allowed
<diagram/variableid_list.pdf, id=198, 131.74219pt x 60.97781pt>
File: diagram/variableid_list.pdf Graphic file (type pdf)
<use diagram/variableid_list.pdf>
Package pdftex.def Info: diagram/variableid_list.pdf  used on input line 266.
(pdftex.def)             Requested size: 131.74185pt x 60.97765pt.
LaTeX Font Info:    Trying to load font information for T1+lmtt on input line 2
71.

(/nix/store/djlsdrwlggq0b2c2mcwmapiras5kd7bb-texlive-combined-full-2024.2024102
7-texmfdist/tex/latex/lm/t1lmtt.fd
File: t1lmtt.fd 2015/05/01 v1.6.1 Font defs for Latin Modern
)

pdfTeX warning: /nix/store/kz4bx8ni0g6y06rfj451hm5h4na90724-texlive-combined-fu
ll-2024.20241027/bin/pdflatex (file ./diagram/constant.pdf): PDF inclusion: fou
nd PDF version <1.7>, but at most version <1.5> allowed
<diagram/constant.pdf, id=200, 191.9672pt x 184.43906pt>
File: diagram/constant.pdf Graphic file (type pdf)
<use diagram/constant.pdf>
Package pdftex.def Info: diagram/constant.pdf  used on input line 288.
(pdftex.def)             Requested size: 191.96672pt x 184.4386pt.


[3 <./diagram/block4.pdf> <./diagram/block5.pdf

pdfTeX warning: /nix/store/kz4bx8ni0g6y06rfj451hm5h4na90724-texlive-combined-fu
ll-2024.20241027/bin/pdflatex (file ./diagram/block5.pdf): PDF inclusion: multi
ple pdfs with page group included in a single page
> <./diagram/variableid_list.pdf

pdfTeX warning: /nix/store/kz4bx8ni0g6y06rfj451hm5h4na90724-texlive-combined-fu
ll-2024.20241027/bin/pdflatex (file ./diagram/variableid_list.pdf): PDF inclusi
on: multiple pdfs with page group included in a single page
> <./diagram/constant.pdf

pdfTeX warning: /nix/store/kz4bx8ni0g6y06rfj451hm5h4na90724-texlive-combined-fu
ll-2024.20241027/bin/pdflatex (file ./diagram/constant.pdf): PDF inclusion: mul
tiple pdfs with page group included in a single page
>]

pdfTeX warning: /nix/store/kz4bx8ni0g6y06rfj451hm5h4na90724-texlive-combined-fu
ll-2024.20241027/bin/pdflatex (file ./diagram/type.pdf): PDF inclusion: found P
DF version <1.7>, but at most version <1.5> allowed
<diagram/type.pdf, id=268, 550.30594pt x 226.59656pt>
File: diagram/type.pdf Graphic file (type pdf)
<use diagram/type.pdf>
Package pdftex.def Info: diagram/type.pdf  used on input line 317.
(pdftex.def)             Requested size: 452.9679pt x 186.52263pt.

Underfull \hbox (badness 10000) in paragraph at lines 324--327
|  \T1/lmtt/m/n/10 | 'packed'* ( ( 'array' '[' simple_type ( ',' simple_type )*
 ']' | 'file' )
 []



pdfTeX warning: /nix/store/kz4bx8ni0g6y06rfj451hm5h4na90724-texlive-combined-fu
ll-2024.20241027/bin/pdflatex (file ./diagram/simple_type.pdf): PDF inclusion: 
found PDF version <1.7>, but at most version <1.5> allowed
<diagram/simple_type.pdf, id=273, 237.13594pt x 94.10156pt>
File: diagram/simple_type.pdf Graphic file (type pdf)
<use diagram/simple_type.pdf>
Package pdftex.def Info: diagram/simple_type.pdf  used on input line 347.
(pdftex.def)             Requested size: 237.13535pt x 94.10132pt.


[4 <./diagram/type.pdf> <./diagram/simple_type.pdf

pdfTeX warning: /nix/store/kz4bx8ni0g6y06rfj451hm5h4na90724-texlive-combined-fu
ll-2024.20241027/bin/pdflatex (file ./diagram/simple_type.pdf): PDF inclusion: 
multiple pdfs with page group included in a single page
>]

pdfTeX warning: /nix/store/kz4bx8ni0g6y06rfj451hm5h4na90724-texlive-combined-fu
ll-2024.20241027/bin/pdflatex (file ./diagram/field_list.pdf): PDF inclusion: f
ound PDF version <1.7>, but at most version <1.5> allowed
<diagram/field_list.pdf, id=313, 327.47343pt x 118.19156pt>
File: diagram/field_list.pdf Graphic file (type pdf)
<use diagram/field_list.pdf>
Package pdftex.def Info: diagram/field_list.pdf  used on input line 371.
(pdftex.def)             Requested size: 327.47264pt x 118.19127pt.


pdfTeX warning: /nix/store/kz4bx8ni0g6y06rfj451hm5h4na90724-texlive-combined-fu
ll-2024.20241027/bin/pdflatex (file ./diagram/record_field.pdf): PDF inclusion:
 found PDF version <1.7>, but at most version <1.5> allowed
<diagram/record_field.pdf, id=316, 246.1697pt x 94.10156pt>
File: diagram/record_field.pdf Graphic file (type pdf)
<use diagram/record_field.pdf>
Package pdftex.def Info: diagram/record_field.pdf  used on input line 396.
(pdftex.def)             Requested size: 246.16908pt x 94.10132pt.
LaTeX Font Info:    External font `lmex10' loaded for size
(Font)              <10> on input line 403.
LaTeX Font Info:    External font `lmex10' loaded for size
(Font)              <7> on input line 403.
LaTeX Font Info:    External font `lmex10' loaded for size
(Font)              <5> on input line 403.


pdfTeX warning: /nix/store/kz4bx8ni0g6y06rfj451hm5h4na90724-texlive-combined-fu
ll-2024.20241027/bin/pdflatex (file ./diagram/variant_part.pdf): PDF inclusion:
 found PDF version <1.7>, but at most version <1.5> allowed
<diagram/variant_part.pdf, id=318, 286.82156pt x 60.97781pt>
File: diagram/variant_part.pdf Graphic file (type pdf)
<use diagram/variant_part.pdf>
Package pdftex.def Info: diagram/variant_part.pdf  used on input line 419.
(pdftex.def)             Requested size: 286.82085pt x 60.97765pt.


pdfTeX warning: /nix/store/kz4bx8ni0g6y06rfj451hm5h4na90724-texlive-combined-fu
ll-2024.20241027/bin/pdflatex (file ./diagram/tag_field.pdf): PDF inclusion: fo
und PDF version <1.7>, but at most version <1.5> allowed
<diagram/tag_field.pdf, id=320, 223.58531pt x 51.94406pt>
File: diagram/tag_field.pdf Graphic file (type pdf)
<use diagram/tag_field.pdf>
Package pdftex.def Info: diagram/tag_field.pdf  used on input line 441.
(pdftex.def)             Requested size: 223.58475pt x 51.94392pt.


[5{/nix/store/djlsdrwlggq0b2c2mcwmapiras5kd7bb-texlive-combined-full-2024.20241
027-texmfdist/fonts/enc/dvips/lm/lm-mathit.enc} <./diagram/field_list.pdf> <./d
iagram/record_field.pdf

pdfTeX warning: /nix/store/kz4bx8ni0g6y06rfj451hm5h4na90724-texlive-combined-fu
ll-2024.20241027/bin/pdflatex (file ./diagram/record_field.pdf): PDF inclusion:
 multiple pdfs with page group included in a single page
> <./diagram/variant_part.pdf

pdfTeX warning: /nix/store/kz4bx8ni0g6y06rfj451hm5h4na90724-texlive-combined-fu
ll-2024.20241027/bin/pdflatex (file ./diagram/variant_part.pdf): PDF inclusion:
 multiple pdfs with page group included in a single page
>]

pdfTeX warning: /nix/store/kz4bx8ni0g6y06rfj451hm5h4na90724-texlive-combined-fu
ll-2024.20241027/bin/pdflatex (file ./diagram/variant.pdf): PDF inclusion: foun
d PDF version <1.7>, but at most version <1.5> allowed
<diagram/variant.pdf, id=381, 331.99031pt x 60.97781pt>
File: diagram/variant.pdf Graphic file (type pdf)
<use diagram/variant.pdf>
Package pdftex.def Info: diagram/variant.pdf  used on input line 463.
(pdftex.def)             Requested size: 331.98949pt x 60.97765pt.


pdfTeX warning: /nix/store/kz4bx8ni0g6y06rfj451hm5h4na90724-texlive-combined-fu
ll-2024.20241027/bin/pdflatex (file ./diagram/case_label_list.pdf): PDF inclusi
on: found PDF version <1.7>, but at most version <1.5> allowed
<diagram/case_label_list.pdf, id=383, 130.23656pt x 60.97781pt>
File: diagram/case_label_list.pdf Graphic file (type pdf)
<use diagram/case_label_list.pdf>
Package pdftex.def Info: diagram/case_label_list.pdf  used on input line 485.
(pdftex.def)             Requested size: 130.23624pt x 60.97765pt.


pdfTeX warning: /nix/store/kz4bx8ni0g6y06rfj451hm5h4na90724-texlive-combined-fu
ll-2024.20241027/bin/pdflatex (file ./diagram/proc_or_func.pdf): PDF inclusion:
 found PDF version <1.7>, but at most version <1.5> allowed
<diagram/proc_or_func.pdf, id=386, 526.21594pt x 60.97781pt>
File: diagram/proc_or_func.pdf Graphic file (type pdf)
<use diagram/proc_or_func.pdf>
Package pdftex.def Info: diagram/proc_or_func.pdf  used on input line 509.
(pdftex.def)             Requested size: 452.9679pt x 52.49197pt.


pdfTeX warning: /nix/store/kz4bx8ni0g6y06rfj451hm5h4na90724-texlive-combined-fu
ll-2024.20241027/bin/pdflatex (file ./diagram/block_or_forward.pdf): PDF inclus
ion: found PDF version <1.7>, but at most version <1.5> allowed
<diagram/block_or_forward.pdf, id=388, 130.23656pt x 60.97781pt>
File: diagram/block_or_forward.pdf Graphic file (type pdf)
<use diagram/block_or_forward.pdf>
Package pdftex.def Info: diagram/block_or_forward.pdf  used on input line 531.
(pdftex.def)             Requested size: 130.23624pt x 60.97765pt.


[6 <./diagram/tag_field.pdf> <./diagram/variant.pdf

pdfTeX warning: /nix/store/kz4bx8ni0g6y06rfj451hm5h4na90724-texlive-combined-fu
ll-2024.20241027/bin/pdflatex (file ./diagram/variant.pdf): PDF inclusion: mult
iple pdfs with page group included in a single page
> <./diagram/case_label_list.pdf

pdfTeX warning: /nix/store/kz4bx8ni0g6y06rfj451hm5h4na90724-texlive-combined-fu
ll-2024.20241027/bin/pdflatex (file ./diagram/case_label_list.pdf): PDF inclusi
on: multiple pdfs with page group included in a single page
> <./diagram/proc_or_func.pdf

pdfTeX warning: /nix/store/kz4bx8ni0g6y06rfj451hm5h4na90724-texlive-combined-fu
ll-2024.20241027/bin/pdflatex (file ./diagram/proc_or_func.pdf): PDF inclusion:
 multiple pdfs with page group included in a single page
>]

pdfTeX warning: /nix/store/kz4bx8ni0g6y06rfj451hm5h4na90724-texlive-combined-fu
ll-2024.20241027/bin/pdflatex (file ./diagram/parameters.pdf): PDF inclusion: f
ound PDF version <1.7>, but at most version <1.5> allowed
<diagram/parameters.pdf, id=461, 285.31593pt x 60.97781pt>
File: diagram/parameters.pdf Graphic file (type pdf)
<use diagram/parameters.pdf>
Package pdftex.def Info: diagram/parameters.pdf  used on input line 554.
(pdftex.def)             Requested size: 285.31523pt x 60.97765pt.


pdfTeX warning: /nix/store/kz4bx8ni0g6y06rfj451hm5h4na90724-texlive-combined-fu
ll-2024.20241027/bin/pdflatex (file ./diagram/formal_parameter_section.pdf): PD
F inclusion: found PDF version <1.7>, but at most version <1.5> allowed
<diagram/formal_parameter_section.pdf, id=463, 410.2828pt x 151.3153pt>
File: diagram/formal_parameter_section.pdf Graphic file (type pdf)
<use diagram/formal_parameter_section.pdf>
Package pdftex.def Info: diagram/formal_parameter_section.pdf  used on input li
ne 578.
(pdftex.def)             Requested size: 410.2818pt x 151.31493pt.


pdfTeX warning: /nix/store/kz4bx8ni0g6y06rfj451hm5h4na90724-texlive-combined-fu
ll-2024.20241027/bin/pdflatex (file ./diagram/statement.pdf): PDF inclusion: fo
und PDF version <1.7>, but at most version <1.5> allowed
<diagram/statement.pdf, id=465, 345.54094pt x 94.10156pt>
File: diagram/statement.pdf Graphic file (type pdf)
<use diagram/statement.pdf>
Package pdftex.def Info: diagram/statement.pdf  used on input line 601.
(pdftex.def)             Requested size: 345.54008pt x 94.10132pt.


[7 <./diagram/block_or_forward.pdf> <./diagram/parameters.pdf

pdfTeX warning: /nix/store/kz4bx8ni0g6y06rfj451hm5h4na90724-texlive-combined-fu
ll-2024.20241027/bin/pdflatex (file ./diagram/parameters.pdf): PDF inclusion: m
ultiple pdfs with page group included in a single page
> <./diagram/formal_parameter_section.pdf

pdfTeX warning: /nix/store/kz4bx8ni0g6y06rfj451hm5h4na90724-texlive-combined-fu
ll-2024.20241027/bin/pdflatex (file ./diagram/formal_parameter_section.pdf): PD
F inclusion: multiple pdfs with page group included in a single page
>]

pdfTeX warning: /nix/store/kz4bx8ni0g6y06rfj451hm5h4na90724-texlive-combined-fu
ll-2024.20241027/bin/pdflatex (file ./diagram/matched_statement.pdf): PDF inclu
sion: found PDF version <1.7>, but at most version <1.5> allowed
<diagram/matched_statement.pdf, id=521, 533.74406pt x 60.97781pt>
File: diagram/matched_statement.pdf Graphic file (type pdf)
<use diagram/matched_statement.pdf>
Package pdftex.def Info: diagram/matched_statement.pdf  used on input line 632.

(pdftex.def)             Requested size: 452.9679pt x 51.75134pt.

Underfull \hbox (badness 3138) in paragraph at lines 638--641
[]\T1/lmss/m/n/10 matched_statement ::= 'if' ex-pres-sion 'then' mat-ched_state
ment 'else' mat-ched_statement |
 []



pdfTeX warning: /nix/store/kz4bx8ni0g6y06rfj451hm5h4na90724-texlive-combined-fu
ll-2024.20241027/bin/pdflatex (file ./diagram/other_statement.pdf): PDF inclusi
on: found PDF version <1.7>, but at most version <1.5> allowed
<diagram/other_statement.pdf, id=524, 547.2947pt x 456.95718pt>
File: diagram/other_statement.pdf Graphic file (type pdf)
<use diagram/other_statement.pdf>
Package pdftex.def Info: diagram/other_statement.pdf  used on input line 657.
(pdftex.def)             Requested size: 452.9679pt x 378.20755pt.

Underfull \vbox (badness 10000) has occurred while \output is active []



[8 <./diagram/statement.pdf> <./diagram/matched_statement.pdf

pdfTeX warning: /nix/store/kz4bx8ni0g6y06rfj451hm5h4na90724-texlive-combined-fu
ll-2024.20241027/bin/pdflatex (file ./diagram/matched_statement.pdf): PDF inclu
sion: multiple pdfs with page group included in a single page
>]

pdfTeX warning: /nix/store/kz4bx8ni0g6y06rfj451hm5h4na90724-texlive-combined-fu
ll-2024.20241027/bin/pdflatex (file ./diagram/expression.pdf): PDF inclusion: f
ound PDF version <1.7>, but at most version <1.5> allowed
<diagram/expression.pdf, id=564, 163.3603pt x 27.85406pt>
File: diagram/expression.pdf Graphic file (type pdf)
<use diagram/expression.pdf>
Package pdftex.def Info: diagram/expression.pdf  used on input line 684.
(pdftex.def)             Requested size: 163.3599pt x 27.85397pt.


[9 <./diagram/other_statement.pdf> <./diagram/expression.pdf

pdfTeX warning: /nix/store/kz4bx8ni0g6y06rfj451hm5h4na90724-texlive-combined-fu
ll-2024.20241027/bin/pdflatex (file ./diagram/expression.pdf): PDF inclusion: m
ultiple pdfs with page group included in a single page
>]

pdfTeX warning: /nix/store/kz4bx8ni0g6y06rfj451hm5h4na90724-texlive-combined-fu
ll-2024.20241027/bin/pdflatex (file ./diagram/relational_expression.pdf): PDF i
nclusion: found PDF version <1.7>, but at most version <1.5> allowed
<diagram/relational_expression.pdf, id=605, 405.76593pt x 51.94406pt>
File: diagram/relational_expression.pdf Graphic file (type pdf)
<use diagram/relational_expression.pdf>
Package pdftex.def Info: diagram/relational_expression.pdf  used on input line 
720.
(pdftex.def)             Requested size: 405.76494pt x 51.94392pt.


pdfTeX warning: /nix/store/kz4bx8ni0g6y06rfj451hm5h4na90724-texlive-combined-fu
ll-2024.20241027/bin/pdflatex (file ./diagram/additive_expression.pdf): PDF inc
lusion: found PDF version <1.7>, but at most version <1.5> allowed
<diagram/additive_expression.pdf, id=607, 210.03468pt x 60.97781pt>
File: diagram/additive_expression.pdf Graphic file (type pdf)
<use diagram/additive_expression.pdf>
Package pdftex.def Info: diagram/additive_expression.pdf  used on input line 74
2.
(pdftex.def)             Requested size: 210.03416pt x 60.97765pt.


pdfTeX warning: /nix/store/kz4bx8ni0g6y06rfj451hm5h4na90724-texlive-combined-fu
ll-2024.20241027/bin/pdflatex (file ./diagram/multiplicative_expression.pdf): P
DF inclusion: found PDF version <1.7>, but at most version <1.5> allowed
<diagram/multiplicative_expression.pdf, id=609, 175.40532pt x 60.97781pt>
File: diagram/multiplicative_expression.pdf Graphic file (type pdf)
<use diagram/multiplicative_expression.pdf>
Package pdftex.def Info: diagram/multiplicative_expression.pdf  used on input l
ine 764.
(pdftex.def)             Requested size: 175.40488pt x 60.97765pt.


pdfTeX warning: /nix/store/kz4bx8ni0g6y06rfj451hm5h4na90724-texlive-combined-fu
ll-2024.20241027/bin/pdflatex (file ./diagram/unary_expression.pdf): PDF inclus
ion: found PDF version <1.7>, but at most version <1.5> allowed
<diagram/unary_expression.pdf, id=611, 259.7203pt x 53.44969pt>
File: diagram/unary_expression.pdf Graphic file (type pdf)
<use diagram/unary_expression.pdf>
Package pdftex.def Info: diagram/unary_expression.pdf  used on input line 786.
(pdftex.def)             Requested size: 259.71967pt x 53.44954pt.


[10 <./diagram/relational_expression.pdf> <./diagram/additive_expression.pdf

pdfTeX warning: /nix/store/kz4bx8ni0g6y06rfj451hm5h4na90724-texlive-combined-fu
ll-2024.20241027/bin/pdflatex (file ./diagram/additive_expression.pdf): PDF inc
lusion: multiple pdfs with page group included in a single page
> <./diagram/multiplicative_expression.pdf

pdfTeX warning: /nix/store/kz4bx8ni0g6y06rfj451hm5h4na90724-texlive-combined-fu
ll-2024.20241027/bin/pdflatex (file ./diagram/multiplicative_expression.pdf): P
DF inclusion: multiple pdfs with page group included in a single page
> <./diagram/unary_expression.pdf

pdfTeX warning: /nix/store/kz4bx8ni0g6y06rfj451hm5h4na90724-texlive-combined-fu
ll-2024.20241027/bin/pdflatex (file ./diagram/unary_expression.pdf): PDF inclus
ion: multiple pdfs with page group included in a single page
>]

pdfTeX warning: /nix/store/kz4bx8ni0g6y06rfj451hm5h4na90724-texlive-combined-fu
ll-2024.20241027/bin/pdflatex (file ./diagram/primary_expression.pdf): PDF incl
usion: found PDF version <1.7>, but at most version <1.5> allowed
<diagram/primary_expression.pdf, id=654, 390.70969pt x 309.40594pt>
File: diagram/primary_expression.pdf Graphic file (type pdf)
<use diagram/primary_expression.pdf>
Package pdftex.def Info: diagram/primary_expression.pdf  used on input line 808
.
(pdftex.def)             Requested size: 390.70872pt x 309.40518pt.


pdfTeX warning: /nix/store/kz4bx8ni0g6y06rfj451hm5h4na90724-texlive-combined-fu
ll-2024.20241027/bin/pdflatex (file ./diagram/expression_list.pdf): PDF inclusi
on: found PDF version <1.7>, but at most version <1.5> allowed
<diagram/expression_list.pdf, id=656, 142.28156pt x 60.97781pt>
File: diagram/expression_list.pdf Graphic file (type pdf)
<use diagram/expression_list.pdf>
Package pdftex.def Info: diagram/expression_list.pdf  used on input line 836.
(pdftex.def)             Requested size: 142.2812pt x 60.97765pt.


pdfTeX warning: /nix/store/kz4bx8ni0g6y06rfj451hm5h4na90724-texlive-combined-fu
ll-2024.20241027/bin/pdflatex (file ./diagram/element.pdf): PDF inclusion: foun
d PDF version <1.7>, but at most version <1.5> allowed
<diagram/element.pdf, id=659, 264.23718pt x 51.94406pt>
File: diagram/element.pdf Graphic file (type pdf)
<use diagram/element.pdf>
Package pdftex.def Info: diagram/element.pdf  used on input line 860.
(pdftex.def)             Requested size: 264.23653pt x 51.94392pt.


[11 <./diagram/primary_expression.pdf> <./diagram/expression_list.pdf

pdfTeX warning: /nix/store/kz4bx8ni0g6y06rfj451hm5h4na90724-texlive-combined-fu
ll-2024.20241027/bin/pdflatex (file ./diagram/expression_list.pdf): PDF inclusi
on: multiple pdfs with page group included in a single page
>]

pdfTeX warning: /nix/store/kz4bx8ni0g6y06rfj451hm5h4na90724-texlive-combined-fu
ll-2024.20241027/bin/pdflatex (file ./diagram/relational_op.pdf): PDF inclusion
: found PDF version <1.7>, but at most version <1.5> allowed
<diagram/relational_op.pdf, id=703, 104.64093pt x 193.47281pt>
File: diagram/relational_op.pdf Graphic file (type pdf)
<use diagram/relational_op.pdf>
Package pdftex.def Info: diagram/relational_op.pdf  used on input line 881.
(pdftex.def)             Requested size: 104.64066pt x 193.47234pt.


pdfTeX warning: /nix/store/kz4bx8ni0g6y06rfj451hm5h4na90724-texlive-combined-fu
ll-2024.20241027/bin/pdflatex (file ./diagram/add_op.pdf): PDF inclusion: found
 PDF version <1.7>, but at most version <1.5> allowed
<diagram/add_op.pdf, id=705, 100.12407pt x 94.10156pt>
File: diagram/add_op.pdf Graphic file (type pdf)
<use diagram/add_op.pdf>
Package pdftex.def Info: diagram/add_op.pdf  used on input line 908.
(pdftex.def)             Requested size: 100.12381pt x 94.10132pt.


pdfTeX warning: /nix/store/kz4bx8ni0g6y06rfj451hm5h4na90724-texlive-combined-fu
ll-2024.20241027/bin/pdflatex (file ./diagram/mul_op.pdf): PDF inclusion: found
 PDF version <1.7>, but at most version <1.5> allowed
<diagram/mul_op.pdf, id=707, 110.66344pt x 193.47281pt>
File: diagram/mul_op.pdf Graphic file (type pdf)
<use diagram/mul_op.pdf>
Package pdftex.def Info: diagram/mul_op.pdf  used on input line 931.
(pdftex.def)             Requested size: 110.66315pt x 193.47234pt.


[12 <./diagram/element.pdf> <./diagram/relational_op.pdf

pdfTeX warning: /nix/store/kz4bx8ni0g6y06rfj451hm5h4na90724-texlive-combined-fu
ll-2024.20241027/bin/pdflatex (file ./diagram/relational_op.pdf): PDF inclusion
: multiple pdfs with page group included in a single page
> <./diagram/add_op.pdf

pdfTeX warning: /nix/store/kz4bx8ni0g6y06rfj451hm5h4na90724-texlive-combined-fu
ll-2024.20241027/bin/pdflatex (file ./diagram/add_op.pdf): PDF inclusion: multi
ple pdfs with page group included in a single page
>]

pdfTeX warning: /nix/store/kz4bx8ni0g6y06rfj451hm5h4na90724-texlive-combined-fu
ll-2024.20241027/bin/pdflatex (file ./diagram/unary_op.pdf): PDF inclusion: fou
nd PDF version <1.7>, but at most version <1.5> allowed
<diagram/unary_op.pdf, id=747, 106.14656pt x 94.10156pt>
File: diagram/unary_op.pdf Graphic file (type pdf)
<use diagram/unary_op.pdf>
Package pdftex.def Info: diagram/unary_op.pdf  used on input line 957.
(pdftex.def)             Requested size: 106.1463pt x 94.10132pt.


pdfTeX warning: /nix/store/kz4bx8ni0g6y06rfj451hm5h4na90724-texlive-combined-fu
ll-2024.20241027/bin/pdflatex (file ./diagram/statement_list.pdf): PDF inclusio
n: found PDF version <1.7>, but at most version <1.5> allowed
<diagram/statement_list.pdf, id=749, 139.27031pt x 60.97781pt>
File: diagram/statement_list.pdf Graphic file (type pdf)
<use diagram/statement_list.pdf>
Package pdftex.def Info: diagram/statement_list.pdf  used on input line 980.
(pdftex.def)             Requested size: 139.26996pt x 60.97765pt.


[13 <./diagram/mul_op.pdf> <./diagram/unary_op.pdf

pdfTeX warning: /nix/store/kz4bx8ni0g6y06rfj451hm5h4na90724-texlive-combined-fu
ll-2024.20241027/bin/pdflatex (file ./diagram/unary_op.pdf): PDF inclusion: mul
tiple pdfs with page group included in a single page
> <./diagram/statement_list.pdf

pdfTeX warning: /nix/store/kz4bx8ni0g6y06rfj451hm5h4na90724-texlive-combined-fu
ll-2024.20241027/bin/pdflatex (file ./diagram/statement_list.pdf): PDF inclusio
n: multiple pdfs with page group included in a single page
>]

pdfTeX warning: /nix/store/kz4bx8ni0g6y06rfj451hm5h4na90724-texlive-combined-fu
ll-2024.20241027/bin/pdflatex (file ./diagram/case_element.pdf): PDF inclusion:
 found PDF version <1.7>, but at most version <1.5> allowed
<diagram/case_element.pdf, id=790, 276.28218pt x 27.85406pt>
File: diagram/case_element.pdf Graphic file (type pdf)
<use diagram/case_element.pdf>
Package pdftex.def Info: diagram/case_element.pdf  used on input line 1004.
(pdftex.def)             Requested size: 276.2815pt x 27.85397pt.


pdfTeX warning: /nix/store/kz4bx8ni0g6y06rfj451hm5h4na90724-texlive-combined-fu
ll-2024.20241027/bin/pdflatex (file ./diagram/case_else.pdf): PDF inclusion: fo
und PDF version <1.7>, but at most version <1.5> allowed
<diagram/case_else.pdf, id=792, 191.9672pt x 27.85406pt>
File: diagram/case_else.pdf Graphic file (type pdf)
<use diagram/case_else.pdf>
Package pdftex.def Info: diagram/case_else.pdf  used on input line 1026.
(pdftex.def)             Requested size: 191.96672pt x 27.85397pt.


pdfTeX warning: /nix/store/kz4bx8ni0g6y06rfj451hm5h4na90724-texlive-combined-fu
ll-2024.20241027/bin/pdflatex (file ./diagram/for_list.pdf): PDF inclusion: fou
nd PDF version <1.7>, but at most version <1.5> allowed
<diagram/for_list.pdf, id=794, 292.84406pt x 60.97781pt>
File: diagram/for_list.pdf Graphic file (type pdf)
<use diagram/for_list.pdf>
Package pdftex.def Info: diagram/for_list.pdf  used on input line 1048.
(pdftex.def)             Requested size: 292.84334pt x 60.97765pt.


pdfTeX warning: /nix/store/kz4bx8ni0g6y06rfj451hm5h4na90724-texlive-combined-fu
ll-2024.20241027/bin/pdflatex (file ./diagram/variable.pdf): PDF inclusion: fou
nd PDF version <1.7>, but at most version <1.5> allowed
<diagram/variable.pdf, id=796, 374.14781pt x 151.3153pt>
File: diagram/variable.pdf Graphic file (type pdf)
<use diagram/variable.pdf>
Package pdftex.def Info: diagram/variable.pdf  used on input line 1069.
(pdftex.def)             Requested size: 374.14688pt x 151.31493pt.


[14 <./diagram/case_element.pdf> <./diagram/case_else.pdf

pdfTeX warning: /nix/store/kz4bx8ni0g6y06rfj451hm5h4na90724-texlive-combined-fu
ll-2024.20241027/bin/pdflatex (file ./diagram/case_else.pdf): PDF inclusion: mu
ltiple pdfs with page group included in a single page
> <./diagram/for_list.pdf

pdfTeX warning: /nix/store/kz4bx8ni0g6y06rfj451hm5h4na90724-texlive-combined-fu
ll-2024.20241027/bin/pdflatex (file ./diagram/for_list.pdf): PDF inclusion: mul
tiple pdfs with page group included in a single page
> <./diagram/variable.pdf

pdfTeX warning: /nix/store/kz4bx8ni0g6y06rfj451hm5h4na90724-texlive-combined-fu
ll-2024.20241027/bin/pdflatex (file ./diagram/variable.pdf): PDF inclusion: mul
tiple pdfs with page group included in a single page
>]

pdfTeX warning: /nix/store/kz4bx8ni0g6y06rfj451hm5h4na90724-texlive-combined-fu
ll-2024.20241027/bin/pdflatex (file ./diagram/identifier.pdf): PDF inclusion: f
ound PDF version <1.7>, but at most version <1.5> allowed
<diagram/identifier.pdf, id=859, 113.67468pt x 27.85406pt>
File: diagram/identifier.pdf Graphic file (type pdf)
<use diagram/identifier.pdf>
Package pdftex.def Info: diagram/identifier.pdf  used on input line 1092.
(pdftex.def)             Requested size: 113.6744pt x 27.85397pt.


pdfTeX warning: /nix/store/kz4bx8ni0g6y06rfj451hm5h4na90724-texlive-combined-fu
ll-2024.20241027/bin/pdflatex (file ./diagram/funcid.pdf): PDF inclusion: found
 PDF version <1.7>, but at most version <1.5> allowed
<diagram/funcid.pdf, id=876, 101.62968pt x 27.85406pt>
File: diagram/funcid.pdf Graphic file (type pdf)
<use diagram/funcid.pdf>
Package pdftex.def Info: diagram/funcid.pdf  used on input line 1144.
(pdftex.def)             Requested size: 101.62943pt x 27.85397pt.


pdfTeX warning: /nix/store/kz4bx8ni0g6y06rfj451hm5h4na90724-texlive-combined-fu
ll-2024.20241027/bin/pdflatex (file ./diagram/procid.pdf): PDF inclusion: found
 PDF version <1.7>, but at most version <1.5> allowed
<diagram/procid.pdf, id=878, 131.74219pt x 160.34906pt>
File: diagram/procid.pdf Graphic file (type pdf)
<use diagram/procid.pdf>
Package pdftex.def Info: diagram/procid.pdf  used on input line 1165.
(pdftex.def)             Requested size: 131.74185pt x 160.34866pt.

Underfull \vbox (badness 2173) has occurred while \output is active []



[15 <./diagram/identifier.pdf> <./diagram/funcid.pdf

pdfTeX warning: /nix/store/kz4bx8ni0g6y06rfj451hm5h4na90724-texlive-combined-fu
ll-2024.20241027/bin/pdflatex (file ./diagram/funcid.pdf): PDF inclusion: multi
ple pdfs with page group included in a single page
>]

pdfTeX warning: /nix/store/kz4bx8ni0g6y06rfj451hm5h4na90724-texlive-combined-fu
ll-2024.20241027/bin/pdflatex (file ./diagram/varid.pdf): PDF inclusion: found 
PDF version <1.7>, but at most version <1.5> allowed
<diagram/varid.pdf, id=910, 101.62968pt x 27.85406pt>
File: diagram/varid.pdf Graphic file (type pdf)
<use diagram/varid.pdf>
Package pdftex.def Info: diagram/varid.pdf  used on input line 1190.
(pdftex.def)             Requested size: 101.62943pt x 27.85397pt.


pdfTeX warning: /nix/store/kz4bx8ni0g6y06rfj451hm5h4na90724-texlive-combined-fu
ll-2024.20241027/bin/pdflatex (file ./diagram/fieldid.pdf): PDF inclusion: foun
d PDF version <1.7>, but at most version <1.5> allowed
<diagram/fieldid.pdf, id=912, 101.62968pt x 27.85406pt>
File: diagram/fieldid.pdf Graphic file (type pdf)
<use diagram/fieldid.pdf>
Package pdftex.def Info: diagram/fieldid.pdf  used on input line 1211.
(pdftex.def)             Requested size: 101.62943pt x 27.85397pt.


pdfTeX warning: /nix/store/kz4bx8ni0g6y06rfj451hm5h4na90724-texlive-combined-fu
ll-2024.20241027/bin/pdflatex (file ./diagram/constid.pdf): PDF inclusion: foun
d PDF version <1.7>, but at most version <1.5> allowed
<diagram/constid.pdf, id=914, 101.62968pt x 27.85406pt>
File: diagram/constid.pdf Graphic file (type pdf)
<use diagram/constid.pdf>
Package pdftex.def Info: diagram/constid.pdf  used on input line 1232.
(pdftex.def)             Requested size: 101.62943pt x 27.85397pt.


pdfTeX warning: /nix/store/kz4bx8ni0g6y06rfj451hm5h4na90724-texlive-combined-fu
ll-2024.20241027/bin/pdflatex (file ./diagram/typeid.pdf): PDF inclusion: found
 PDF version <1.7>, but at most version <1.5> allowed
<diagram/typeid.pdf, id=916, 131.74219pt x 193.47281pt>
File: diagram/typeid.pdf Graphic file (type pdf)
<use diagram/typeid.pdf>
Package pdftex.def Info: diagram/typeid.pdf  used on input line 1253.
(pdftex.def)             Requested size: 131.74185pt x 193.47234pt.


[16 <./diagram/procid.pdf> <./diagram/varid.pdf

pdfTeX warning: /nix/store/kz4bx8ni0g6y06rfj451hm5h4na90724-texlive-combined-fu
ll-2024.20241027/bin/pdflatex (file ./diagram/varid.pdf): PDF inclusion: multip
le pdfs with page group included in a single page
> <./diagram/fieldid.pdf

pdfTeX warning: /nix/store/kz4bx8ni0g6y06rfj451hm5h4na90724-texlive-combined-fu
ll-2024.20241027/bin/pdflatex (file ./diagram/fieldid.pdf): PDF inclusion: mult
iple pdfs with page group included in a single page
> <./diagram/constid.pdf

pdfTeX warning: /nix/store/kz4bx8ni0g6y06rfj451hm5h4na90724-texlive-combined-fu
ll-2024.20241027/bin/pdflatex (file ./diagram/constid.pdf): PDF inclusion: mult
iple pdfs with page group included in a single page
>]

pdfTeX warning: /nix/store/kz4bx8ni0g6y06rfj451hm5h4na90724-texlive-combined-fu
ll-2024.20241027/bin/pdflatex (file ./diagram/unsigned_integer.pdf): PDF inclus
ion: found PDF version <1.7>, but at most version <1.5> allowed
<diagram/unsigned_integer.pdf, id=965, 143.78719pt x 27.85406pt>
File: diagram/unsigned_integer.pdf Graphic file (type pdf)
<use diagram/unsigned_integer.pdf>
Package pdftex.def Info: diagram/unsigned_integer.pdf  used on input line 1287.

(pdftex.def)             Requested size: 143.78683pt x 27.85397pt.


pdfTeX warning: /nix/store/kz4bx8ni0g6y06rfj451hm5h4na90724-texlive-combined-fu
ll-2024.20241027/bin/pdflatex (file ./diagram/unsigned_real.pdf): PDF inclusion
: found PDF version <1.7>, but at most version <1.5> allowed
<diagram/unsigned_real.pdf, id=968, 127.22531pt x 27.85406pt>
File: diagram/unsigned_real.pdf Graphic file (type pdf)
<use diagram/unsigned_real.pdf>
Package pdftex.def Info: diagram/unsigned_real.pdf  used on input line 1311.
(pdftex.def)             Requested size: 127.22499pt x 27.85397pt.


pdfTeX warning: /nix/store/kz4bx8ni0g6y06rfj451hm5h4na90724-texlive-combined-fu
ll-2024.20241027/bin/pdflatex (file ./diagram/integer_literal.pdf): PDF inclusi
on: found PDF version <1.7>, but at most version <1.5> allowed
<diagram/integer_literal.pdf, id=970, 143.78719pt x 27.85406pt>
File: diagram/integer_literal.pdf Graphic file (type pdf)
<use diagram/integer_literal.pdf>
Package pdftex.def Info: diagram/integer_literal.pdf  used on input line 1333.
(pdftex.def)             Requested size: 143.78683pt x 27.85397pt.


[17 <./diagram/typeid.pdf> <./diagram/unsigned_integer.pdf

pdfTeX warning: /nix/store/kz4bx8ni0g6y06rfj451hm5h4na90724-texlive-combined-fu
ll-2024.20241027/bin/pdflatex (file ./diagram/unsigned_integer.pdf): PDF inclus
ion: multiple pdfs with page group included in a single page
> <./diagram/unsigned_real.pdf

pdfTeX warning: /nix/store/kz4bx8ni0g6y06rfj451hm5h4na90724-texlive-combined-fu
ll-2024.20241027/bin/pdflatex (file ./diagram/unsigned_real.pdf): PDF inclusion
: multiple pdfs with page group included in a single page
>]

pdfTeX warning: /nix/store/kz4bx8ni0g6y06rfj451hm5h4na90724-texlive-combined-fu
ll-2024.20241027/bin/pdflatex (file ./diagram/real_literal.pdf): PDF inclusion:
 found PDF version <1.7>, but at most version <1.5> allowed
<diagram/real_literal.pdf, id=1010, 127.22531pt x 27.85406pt>
File: diagram/real_literal.pdf Graphic file (type pdf)
<use diagram/real_literal.pdf>
Package pdftex.def Info: diagram/real_literal.pdf  used on input line 1355.
(pdftex.def)             Requested size: 127.22499pt x 27.85397pt.


pdfTeX warning: /nix/store/kz4bx8ni0g6y06rfj451hm5h4na90724-texlive-combined-fu
ll-2024.20241027/bin/pdflatex (file ./diagram/string_literal.pdf): PDF inclusio
n: found PDF version <1.7>, but at most version <1.5> allowed
<diagram/string_literal.pdf, id=1012, 137.7647pt x 27.85406pt>
File: diagram/string_literal.pdf Graphic file (type pdf)
<use diagram/string_literal.pdf>
Package pdftex.def Info: diagram/string_literal.pdf  used on input line 1377.
(pdftex.def)             Requested size: 137.76434pt x 27.85397pt.


pdfTeX warning: /nix/store/kz4bx8ni0g6y06rfj451hm5h4na90724-texlive-combined-fu
ll-2024.20241027/bin/pdflatex (file ./diagram/char_literal.pdf): PDF inclusion:
 found PDF version <1.7>, but at most version <1.5> allowed
<diagram/char_literal.pdf, id=1015, 128.73094pt x 27.85406pt>
File: diagram/char_literal.pdf Graphic file (type pdf)
<use diagram/char_literal.pdf>
Package pdftex.def Info: diagram/char_literal.pdf  used on input line 1401.
(pdftex.def)             Requested size: 128.7306pt x 27.85397pt.


pdfTeX warning: /nix/store/kz4bx8ni0g6y06rfj451hm5h4na90724-texlive-combined-fu
ll-2024.20241027/bin/pdflatex (file ./diagram/boolean_literal.pdf): PDF inclusi
on: found PDF version <1.7>, but at most version <1.5> allowed
<diagram/boolean_literal.pdf, id=1016, 148.30406pt x 27.85406pt>
File: diagram/boolean_literal.pdf Graphic file (type pdf)
<use diagram/boolean_literal.pdf>
Package pdftex.def Info: diagram/boolean_literal.pdf  used on input line 1415.
(pdftex.def)             Requested size: 148.30368pt x 27.85397pt.


pdfTeX warning: /nix/store/kz4bx8ni0g6y06rfj451hm5h4na90724-texlive-combined-fu
ll-2024.20241027/bin/pdflatex (file ./diagram/empty.pdf): PDF inclusion: found 
PDF version <1.7>, but at most version <1.5> allowed
<diagram/empty.pdf, id=1017, 36.88782pt x 8.28094pt>
File: diagram/empty.pdf Graphic file (type pdf)
<use diagram/empty.pdf>
Package pdftex.def Info: diagram/empty.pdf  used on input line 1429.
(pdftex.def)             Requested size: 36.88771pt x 8.28091pt.


[18 <./diagram/integer_literal.pdf> <./diagram/real_literal.pdf

pdfTeX warning: /nix/store/kz4bx8ni0g6y06rfj451hm5h4na90724-texlive-combined-fu
ll-2024.20241027/bin/pdflatex (file ./diagram/real_literal.pdf): PDF inclusion:
 multiple pdfs with page group included in a single page
> <./diagram/string_literal.pdf

pdfTeX warning: /nix/store/kz4bx8ni0g6y06rfj451hm5h4na90724-texlive-combined-fu
ll-2024.20241027/bin/pdflatex (file ./diagram/string_literal.pdf): PDF inclusio
n: multiple pdfs with page group included in a single page
> <./diagram/char_literal.pdf

pdfTeX warning: /nix/store/kz4bx8ni0g6y06rfj451hm5h4na90724-texlive-combined-fu
ll-2024.20241027/bin/pdflatex (file ./diagram/char_literal.pdf): PDF inclusion:
 multiple pdfs with page group included in a single page
> <./diagram/boolean_literal.pdf

pdfTeX warning: /nix/store/kz4bx8ni0g6y06rfj451hm5h4na90724-texlive-combined-fu
ll-2024.20241027/bin/pdflatex (file ./diagram/boolean_literal.pdf): PDF inclusi
on: multiple pdfs with page group included in a single page
>]

[19 <./diagram/empty.pdf>] (./diagram.aux)
 ***********
LaTeX2e <2024-06-01> patch level 2
L3 programming layer <2024-10-09>
 ***********
Package rerunfilecheck Info: File `diagram.out' has not changed.
(rerunfilecheck)             Checksum: A176E995E47E1319A62782272B37370C;337.
 ) 
Here is how much of TeX's memory you used:
 29121 strings out of 473577
 610569 string characters out of 5700522
 1012103 words of memory out of 5000000
 51420 multiletter control sequences out of 15000+600000
 597995 words of font info for 64 fonts, out of 8000000 for 9000
 1141 hyphenation exceptions out of 8191
 98i,7n,107p,443b,1329s stack positions out of 10000i,1000n,20000p,200000b,200000s
</nix/store/djlsdrwlggq0b2c2mcwmapiras5kd7bb-texlive-combined-full-2024.20241
027-texmfdist/fonts/type1/public/lm/lmmi10.pfb></nix/store/djlsdrwlggq0b2c2mcwm
apiras5kd7bb-texlive-combined-full-2024.20241027-texmfdist/fonts/type1/public/l
m/lmss10.pfb></nix/store/djlsdrwlggq0b2c2mcwmapiras5kd7bb-texlive-combined-full
-2024.20241027-texmfdist/fonts/type1/public/lm/lmss12.pfb></nix/store/djlsdrwlg
gq0b2c2mcwmapiras5kd7bb-texlive-combined-full-2024.20241027-texmfdist/fonts/typ
e1/public/lm/lmss17.pfb></nix/store/djlsdrwlggq0b2c2mcwmapiras5kd7bb-texlive-co
mbined-full-2024.20241027-texmfdist/fonts/type1/public/lm/lmssbx10.pfb></nix/st
ore/djlsdrwlggq0b2c2mcwmapiras5kd7bb-texlive-combined-full-2024.20241027-texmfd
ist/fonts/type1/public/lm/lmtt10.pfb>
Output written on diagram.pdf (19 pages, 620459 bytes).
PDF statistics:
 1142 PDF objects out of 1200 (max. 8388607)
 825 compressed objects within 9 object streams
 139 named destinations out of 1000 (max. 500000)
 471 words of extra memory for PDF output out of 10000 (max. 10000000)

